{"/Users/fabri/keyko/filecoin-auto-datacap-allocation-bot/deps/filecoin-verifier-tools/filecoin/methods.js": {"path":"/Users/fabri/keyko/filecoin-auto-datacap-allocation-bot/deps/filecoin-verifier-tools/filecoin/methods.js","statementMap":{"0":{"start":{"line":2,"column":15},"end":{"line":2,"column":59}},"1":{"start":{"line":3,"column":13},"end":{"line":3,"column":28}},"2":{"start":{"line":4,"column":13},"end":{"line":4,"column":36}},"3":{"start":{"line":5,"column":14},"end":{"line":5,"column":32}},"4":{"start":{"line":6,"column":16},"end":{"line":6,"column":49}},"5":{"start":{"line":7,"column":12},"end":{"line":7,"column":27}},"6":{"start":{"line":8,"column":20},"end":{"line":8,"column":42}},"7":{"start":{"line":11,"column":14},"end":{"line":11,"column":32}},"8":{"start":{"line":12,"column":2},"end":{"line":12,"column":46}},"9":{"start":{"line":13,"column":2},"end":{"line":13,"column":28}},"10":{"start":{"line":18,"column":17},"end":{"line":18,"column":45}},"11":{"start":{"line":19,"column":4},"end":{"line":19,"column":52}},"12":{"start":{"line":23,"column":4},"end":{"line":23,"column":66}},"13":{"start":{"line":148,"column":17},"end":{"line":148,"column":41}},"14":{"start":{"line":149,"column":20},"end":{"line":149,"column":69}},"15":{"start":{"line":153,"column":18},"end":{"line":153,"column":53}},"16":{"start":{"line":170,"column":27},"end":{"line":180,"column":5}},"17":{"start":{"line":182,"column":4},"end":{"line":182,"column":31}},"18":{"start":{"line":183,"column":16},"end":{"line":183,"column":111}},"19":{"start":{"line":184,"column":4},"end":{"line":184,"column":20}},"20":{"start":{"line":186,"column":16},"end":{"line":196,"column":5}},"21":{"start":{"line":198,"column":4},"end":{"line":198,"column":48}},"22":{"start":{"line":203,"column":15},"end":{"line":203,"column":69}},"23":{"start":{"line":204,"column":4},"end":{"line":204,"column":36}},"24":{"start":{"line":205,"column":4},"end":{"line":205,"column":49}},"25":{"start":{"line":209,"column":4},"end":{"line":215,"column":5}},"26":{"start":{"line":210,"column":18},"end":{"line":210,"column":58}},"27":{"start":{"line":211,"column":6},"end":{"line":213,"column":7}},"28":{"start":{"line":212,"column":8},"end":{"line":212,"column":26}},"29":{"start":{"line":214,"column":6},"end":{"line":214,"column":65}},"30":{"start":{"line":214,"column":37},"end":{"line":214,"column":62}},"31":{"start":{"line":219,"column":4},"end":{"line":224,"column":5}},"32":{"start":{"line":220,"column":18},"end":{"line":220,"column":60}},"33":{"start":{"line":221,"column":6},"end":{"line":221,"column":16}},"34":{"start":{"line":228,"column":4},"end":{"line":229,"column":25}},"35":{"start":{"line":228,"column":30},"end":{"line":228,"column":40}},"36":{"start":{"line":229,"column":9},"end":{"line":229,"column":25}},"37":{"start":{"line":233,"column":4},"end":{"line":233,"column":53}},"38":{"start":{"line":233,"column":31},"end":{"line":233,"column":53}},"39":{"start":{"line":234,"column":4},"end":{"line":234,"column":58}},"40":{"start":{"line":238,"column":4},"end":{"line":238,"column":53}},"41":{"start":{"line":238,"column":31},"end":{"line":238,"column":53}},"42":{"start":{"line":239,"column":4},"end":{"line":239,"column":51}},"43":{"start":{"line":243,"column":4},"end":{"line":248,"column":5}},"44":{"start":{"line":251,"column":19},"end":{"line":251,"column":42}},"45":{"start":{"line":252,"column":21},"end":{"line":252,"column":44}},"46":{"start":{"line":253,"column":18},"end":{"line":253,"column":43}},"47":{"start":{"line":256,"column":4},"end":{"line":261,"column":5}},"48":{"start":{"line":265,"column":4},"end":{"line":270,"column":5}},"49":{"start":{"line":275,"column":4},"end":{"line":280,"column":5}},"50":{"start":{"line":284,"column":4},"end":{"line":284,"column":134}},"51":{"start":{"line":288,"column":21},"end":{"line":288,"column":54}},"52":{"start":{"line":289,"column":17},"end":{"line":289,"column":53}},"53":{"start":{"line":290,"column":4},"end":{"line":295,"column":5}},"54":{"start":{"line":299,"column":4},"end":{"line":299,"column":107}},"55":{"start":{"line":299,"column":96},"end":{"line":299,"column":107}},"56":{"start":{"line":300,"column":4},"end":{"line":302,"column":5}},"57":{"start":{"line":301,"column":6},"end":{"line":301,"column":67}},"58":{"start":{"line":301,"column":56},"end":{"line":301,"column":67}},"59":{"start":{"line":303,"column":4},"end":{"line":303,"column":16}},"60":{"start":{"line":308,"column":4},"end":{"line":310,"column":5}},"61":{"start":{"line":309,"column":6},"end":{"line":309,"column":62}},"62":{"start":{"line":311,"column":4},"end":{"line":313,"column":5}},"63":{"start":{"line":312,"column":6},"end":{"line":312,"column":73}},"64":{"start":{"line":314,"column":4},"end":{"line":316,"column":5}},"65":{"start":{"line":315,"column":6},"end":{"line":315,"column":39}},"66":{"start":{"line":317,"column":4},"end":{"line":319,"column":5}},"67":{"start":{"line":318,"column":6},"end":{"line":318,"column":57}},"68":{"start":{"line":320,"column":4},"end":{"line":322,"column":5}},"69":{"start":{"line":321,"column":6},"end":{"line":321,"column":68}},"70":{"start":{"line":323,"column":4},"end":{"line":325,"column":5}},"71":{"start":{"line":324,"column":6},"end":{"line":324,"column":34}},"72":{"start":{"line":326,"column":4},"end":{"line":328,"column":5}},"73":{"start":{"line":327,"column":6},"end":{"line":327,"column":39}},"74":{"start":{"line":329,"column":4},"end":{"line":331,"column":5}},"75":{"start":{"line":330,"column":6},"end":{"line":330,"column":39}},"76":{"start":{"line":332,"column":4},"end":{"line":334,"column":5}},"77":{"start":{"line":333,"column":6},"end":{"line":333,"column":17}},"78":{"start":{"line":335,"column":4},"end":{"line":337,"column":5}},"79":{"start":{"line":336,"column":6},"end":{"line":336,"column":41}},"80":{"start":{"line":338,"column":4},"end":{"line":340,"column":5}},"81":{"start":{"line":339,"column":6},"end":{"line":339,"column":22}},"82":{"start":{"line":341,"column":4},"end":{"line":343,"column":5}},"83":{"start":{"line":342,"column":6},"end":{"line":342,"column":17}},"84":{"start":{"line":344,"column":4},"end":{"line":365,"column":5}},"85":{"start":{"line":345,"column":6},"end":{"line":364,"column":7}},"86":{"start":{"line":347,"column":22},"end":{"line":347,"column":76}},"87":{"start":{"line":348,"column":10},"end":{"line":348,"column":42}},"88":{"start":{"line":351,"column":22},"end":{"line":351,"column":24}},"89":{"start":{"line":352,"column":10},"end":{"line":354,"column":12}},"90":{"start":{"line":353,"column":12},"end":{"line":353,"column":70}},"91":{"start":{"line":355,"column":10},"end":{"line":355,"column":20}},"92":{"start":{"line":358,"column":22},"end":{"line":358,"column":24}},"93":{"start":{"line":359,"column":10},"end":{"line":361,"column":12}},"94":{"start":{"line":360,"column":12},"end":{"line":360,"column":64}},"95":{"start":{"line":362,"column":10},"end":{"line":362,"column":20}},"96":{"start":{"line":366,"column":4},"end":{"line":389,"column":5}},"97":{"start":{"line":367,"column":6},"end":{"line":369,"column":7}},"98":{"start":{"line":368,"column":8},"end":{"line":368,"column":50}},"99":{"start":{"line":368,"column":29},"end":{"line":368,"column":49}},"100":{"start":{"line":370,"column":6},"end":{"line":372,"column":7}},"101":{"start":{"line":371,"column":8},"end":{"line":371,"column":69}},"102":{"start":{"line":371,"column":29},"end":{"line":371,"column":69}},"103":{"start":{"line":373,"column":6},"end":{"line":375,"column":7}},"104":{"start":{"line":374,"column":8},"end":{"line":374,"column":51}},"105":{"start":{"line":376,"column":6},"end":{"line":376,"column":95}},"106":{"start":{"line":376,"column":41},"end":{"line":376,"column":95}},"107":{"start":{"line":377,"column":6},"end":{"line":383,"column":7}},"108":{"start":{"line":378,"column":20},"end":{"line":378,"column":22}},"109":{"start":{"line":379,"column":8},"end":{"line":381,"column":9}},"110":{"start":{"line":379,"column":21},"end":{"line":379,"column":22}},"111":{"start":{"line":380,"column":10},"end":{"line":380,"column":46}},"112":{"start":{"line":382,"column":8},"end":{"line":382,"column":18}},"113":{"start":{"line":384,"column":18},"end":{"line":384,"column":20}},"114":{"start":{"line":385,"column":6},"end":{"line":387,"column":7}},"115":{"start":{"line":385,"column":19},"end":{"line":385,"column":20}},"116":{"start":{"line":386,"column":8},"end":{"line":386,"column":57}},"117":{"start":{"line":388,"column":6},"end":{"line":388,"column":16}},"118":{"start":{"line":390,"column":4},"end":{"line":397,"column":5}},"119":{"start":{"line":391,"column":18},"end":{"line":391,"column":20}},"120":{"start":{"line":392,"column":22},"end":{"line":392,"column":44}},"121":{"start":{"line":393,"column":6},"end":{"line":395,"column":7}},"122":{"start":{"line":393,"column":19},"end":{"line":393,"column":20}},"123":{"start":{"line":394,"column":8},"end":{"line":394,"column":59}},"124":{"start":{"line":396,"column":6},"end":{"line":396,"column":16}},"125":{"start":{"line":398,"column":4},"end":{"line":398,"column":45}},"126":{"start":{"line":402,"column":4},"end":{"line":404,"column":5}},"127":{"start":{"line":403,"column":6},"end":{"line":403,"column":33}},"128":{"start":{"line":405,"column":4},"end":{"line":407,"column":5}},"129":{"start":{"line":406,"column":6},"end":{"line":406,"column":28}},"130":{"start":{"line":408,"column":4},"end":{"line":410,"column":5}},"131":{"start":{"line":409,"column":6},"end":{"line":409,"column":31}},"132":{"start":{"line":411,"column":4},"end":{"line":413,"column":5}},"133":{"start":{"line":412,"column":6},"end":{"line":412,"column":31}},"134":{"start":{"line":414,"column":4},"end":{"line":416,"column":5}},"135":{"start":{"line":415,"column":6},"end":{"line":415,"column":27}},"136":{"start":{"line":417,"column":4},"end":{"line":419,"column":5}},"137":{"start":{"line":418,"column":6},"end":{"line":418,"column":17}},"138":{"start":{"line":420,"column":4},"end":{"line":422,"column":5}},"139":{"start":{"line":421,"column":6},"end":{"line":421,"column":79}},"140":{"start":{"line":423,"column":4},"end":{"line":425,"column":5}},"141":{"start":{"line":424,"column":6},"end":{"line":424,"column":17}},"142":{"start":{"line":426,"column":4},"end":{"line":430,"column":5}},"143":{"start":{"line":427,"column":23},"end":{"line":427,"column":61}},"144":{"start":{"line":428,"column":19},"end":{"line":428,"column":55}},"145":{"start":{"line":429,"column":6},"end":{"line":429,"column":37}},"146":{"start":{"line":431,"column":4},"end":{"line":444,"column":5}},"147":{"start":{"line":432,"column":6},"end":{"line":434,"column":7}},"148":{"start":{"line":433,"column":8},"end":{"line":433,"column":50}},"149":{"start":{"line":433,"column":29},"end":{"line":433,"column":49}},"150":{"start":{"line":435,"column":6},"end":{"line":437,"column":7}},"151":{"start":{"line":436,"column":8},"end":{"line":436,"column":50}},"152":{"start":{"line":438,"column":6},"end":{"line":438,"column":95}},"153":{"start":{"line":438,"column":41},"end":{"line":438,"column":95}},"154":{"start":{"line":439,"column":18},"end":{"line":439,"column":20}},"155":{"start":{"line":440,"column":6},"end":{"line":442,"column":7}},"156":{"start":{"line":440,"column":19},"end":{"line":440,"column":20}},"157":{"start":{"line":441,"column":8},"end":{"line":441,"column":44}},"158":{"start":{"line":443,"column":6},"end":{"line":443,"column":16}},"159":{"start":{"line":445,"column":4},"end":{"line":458,"column":5}},"160":{"start":{"line":446,"column":18},"end":{"line":446,"column":20}},"161":{"start":{"line":447,"column":22},"end":{"line":447,"column":44}},"162":{"start":{"line":448,"column":6},"end":{"line":456,"column":7}},"163":{"start":{"line":448,"column":19},"end":{"line":448,"column":20}},"164":{"start":{"line":450,"column":8},"end":{"line":454,"column":9}},"165":{"start":{"line":451,"column":10},"end":{"line":451,"column":23}},"166":{"start":{"line":453,"column":10},"end":{"line":453,"column":35}},"167":{"start":{"line":455,"column":8},"end":{"line":455,"column":44}},"168":{"start":{"line":457,"column":6},"end":{"line":457,"column":16}},"169":{"start":{"line":459,"column":4},"end":{"line":459,"column":45}},"170":{"start":{"line":463,"column":16},"end":{"line":463,"column":18}},"171":{"start":{"line":464,"column":4},"end":{"line":480,"column":5}},"172":{"start":{"line":465,"column":6},"end":{"line":479,"column":7}},"173":{"start":{"line":467,"column":8},"end":{"line":471,"column":9}},"174":{"start":{"line":468,"column":10},"end":{"line":468,"column":62}},"175":{"start":{"line":470,"column":10},"end":{"line":470,"column":45}},"176":{"start":{"line":473,"column":8},"end":{"line":478,"column":9}},"177":{"start":{"line":481,"column":4},"end":{"line":481,"column":14}},"178":{"start":{"line":484,"column":19},"end":{"line":553,"column":3}},"179":{"start":{"line":555,"column":15},"end":{"line":563,"column":3}},"180":{"start":{"line":565,"column":27},"end":{"line":570,"column":4}},"181":{"start":{"line":572,"column":18},"end":{"line":582,"column":3}},"182":{"start":{"line":584,"column":21},"end":{"line":592,"column":3}},"183":{"start":{"line":594,"column":19},"end":{"line":613,"column":3}},"184":{"start":{"line":615,"column":16},"end":{"line":619,"column":3}},"185":{"start":{"line":621,"column":25},"end":{"line":625,"column":3}},"186":{"start":{"line":627,"column":14},"end":{"line":634,"column":3}},"187":{"start":{"line":637,"column":4},"end":{"line":644,"column":5}},"188":{"start":{"line":638,"column":20},"end":{"line":638,"column":42}},"189":{"start":{"line":639,"column":30},"end":{"line":639,"column":46}},"190":{"start":{"line":640,"column":21},"end":{"line":640,"column":58}},"191":{"start":{"line":641,"column":6},"end":{"line":641,"column":62}},"192":{"start":{"line":643,"column":6},"end":{"line":643,"column":17}},"193":{"start":{"line":647,"column":22},"end":{"line":647,"column":102}},"194":{"start":{"line":650,"column":20},"end":{"line":650,"column":22}},"195":{"start":{"line":651,"column":4},"end":{"line":653,"column":6}},"196":{"start":{"line":652,"column":6},"end":{"line":652,"column":61}},"197":{"start":{"line":654,"column":4},"end":{"line":654,"column":20}},"198":{"start":{"line":657,"column":2},"end":{"line":684,"column":3}},"199":{"start":{"line":687,"column":0},"end":{"line":690,"column":1}}},"fnMap":{"0":{"name":"cborEncode","decl":{"start":{"line":10,"column":9},"end":{"line":10,"column":19}},"loc":{"start":{"line":10,"column":28},"end":{"line":14,"column":1}},"line":10},"1":{"name":"make","decl":{"start":{"line":16,"column":9},"end":{"line":16,"column":13}},"loc":{"start":{"line":16,"column":23},"end":{"line":685,"column":1}},"line":16},"2":{"name":"bytesToAddress","decl":{"start":{"line":17,"column":11},"end":{"line":17,"column":25}},"loc":{"start":{"line":17,"column":35},"end":{"line":20,"column":3}},"line":17},"3":{"name":"addressAsBytes","decl":{"start":{"line":22,"column":11},"end":{"line":22,"column":25}},"loc":{"start":{"line":22,"column":31},"end":{"line":24,"column":3}},"line":22},"4":{"name":"signTx","decl":{"start":{"line":147,"column":17},"end":{"line":147,"column":23}},"loc":{"start":{"line":147,"column":65},"end":{"line":199,"column":3}},"line":147},"5":{"name":"sendTx","decl":{"start":{"line":202,"column":17},"end":{"line":202,"column":23}},"loc":{"start":{"line":202,"column":66},"end":{"line":206,"column":3}},"line":202},"6":{"name":"getReceipt","decl":{"start":{"line":208,"column":17},"end":{"line":208,"column":27}},"loc":{"start":{"line":208,"column":40},"end":{"line":216,"column":3}},"line":208},"7":{"name":"(anonymous_7)","decl":{"start":{"line":214,"column":24},"end":{"line":214,"column":25}},"loc":{"start":{"line":214,"column":35},"end":{"line":214,"column":64}},"line":214},"8":{"name":"getMessage","decl":{"start":{"line":218,"column":17},"end":{"line":218,"column":27}},"loc":{"start":{"line":218,"column":41},"end":{"line":225,"column":3}},"line":218},"9":{"name":"pad","decl":{"start":{"line":227,"column":11},"end":{"line":227,"column":14}},"loc":{"start":{"line":227,"column":20},"end":{"line":230,"column":3}},"line":227},"10":{"name":"encodeBig","decl":{"start":{"line":232,"column":11},"end":{"line":232,"column":20}},"loc":{"start":{"line":232,"column":25},"end":{"line":235,"column":3}},"line":232},"11":{"name":"encodeBigKey","decl":{"start":{"line":237,"column":11},"end":{"line":237,"column":23}},"loc":{"start":{"line":237,"column":28},"end":{"line":240,"column":3}},"line":237},"12":{"name":"encodeSend","decl":{"start":{"line":242,"column":11},"end":{"line":242,"column":21}},"loc":{"start":{"line":242,"column":39},"end":{"line":249,"column":3}},"line":242},"13":{"name":"encodeAddVerifier","decl":{"start":{"line":255,"column":11},"end":{"line":255,"column":28}},"loc":{"start":{"line":255,"column":44},"end":{"line":262,"column":3}},"line":255},"14":{"name":"encodeAddVerifiedClient","decl":{"start":{"line":264,"column":11},"end":{"line":264,"column":34}},"loc":{"start":{"line":264,"column":50},"end":{"line":271,"column":3}},"line":264},"15":{"name":"encodePropose","decl":{"start":{"line":273,"column":11},"end":{"line":273,"column":24}},"loc":{"start":{"line":273,"column":36},"end":{"line":281,"column":3}},"line":273},"16":{"name":"encodeProposalHashdata","decl":{"start":{"line":283,"column":11},"end":{"line":283,"column":33}},"loc":{"start":{"line":283,"column":45},"end":{"line":285,"column":3}},"line":283},"17":{"name":"encodeApprove","decl":{"start":{"line":287,"column":11},"end":{"line":287,"column":24}},"loc":{"start":{"line":287,"column":48},"end":{"line":296,"column":3}},"line":287},"18":{"name":"isType","decl":{"start":{"line":298,"column":11},"end":{"line":298,"column":17}},"loc":{"start":{"line":298,"column":26},"end":{"line":304,"column":3}},"line":298},"19":{"name":"decode","decl":{"start":{"line":306,"column":11},"end":{"line":306,"column":17}},"loc":{"start":{"line":306,"column":32},"end":{"line":399,"column":3}},"line":306},"20":{"name":"(anonymous_20)","decl":{"start":{"line":346,"column":14},"end":{"line":346,"column":15}},"loc":{"start":{"line":346,"column":37},"end":{"line":349,"column":9}},"line":346},"21":{"name":"(anonymous_21)","decl":{"start":{"line":350,"column":16},"end":{"line":350,"column":17}},"loc":{"start":{"line":350,"column":34},"end":{"line":356,"column":9}},"line":350},"22":{"name":"(anonymous_22)","decl":{"start":{"line":352,"column":43},"end":{"line":352,"column":44}},"loc":{"start":{"line":352,"column":59},"end":{"line":354,"column":11}},"line":352},"23":{"name":"(anonymous_23)","decl":{"start":{"line":357,"column":18},"end":{"line":357,"column":19}},"loc":{"start":{"line":357,"column":36},"end":{"line":363,"column":9}},"line":357},"24":{"name":"(anonymous_24)","decl":{"start":{"line":359,"column":43},"end":{"line":359,"column":44}},"loc":{"start":{"line":359,"column":59},"end":{"line":361,"column":11}},"line":359},"25":{"name":"(anonymous_25)","decl":{"start":{"line":368,"column":24},"end":{"line":368,"column":25}},"loc":{"start":{"line":368,"column":29},"end":{"line":368,"column":49}},"line":368},"26":{"name":"(anonymous_26)","decl":{"start":{"line":371,"column":15},"end":{"line":371,"column":16}},"loc":{"start":{"line":371,"column":29},"end":{"line":371,"column":69}},"line":371},"27":{"name":"encode","decl":{"start":{"line":401,"column":11},"end":{"line":401,"column":17}},"loc":{"start":{"line":401,"column":32},"end":{"line":460,"column":3}},"line":401},"28":{"name":"(anonymous_28)","decl":{"start":{"line":433,"column":24},"end":{"line":433,"column":25}},"loc":{"start":{"line":433,"column":29},"end":{"line":433,"column":49}},"line":433},"29":{"name":"actor","decl":{"start":{"line":462,"column":11},"end":{"line":462,"column":16}},"loc":{"start":{"line":462,"column":32},"end":{"line":482,"column":3}},"line":462},"30":{"name":"(anonymous_30)","decl":{"start":{"line":465,"column":25},"end":{"line":465,"column":26}},"loc":{"start":{"line":465,"column":41},"end":{"line":479,"column":7}},"line":465},"31":{"name":"parse","decl":{"start":{"line":636,"column":11},"end":{"line":636,"column":16}},"loc":{"start":{"line":636,"column":21},"end":{"line":645,"column":3}},"line":636},"32":{"name":"buildArrayData","decl":{"start":{"line":649,"column":17},"end":{"line":649,"column":31}},"loc":{"start":{"line":649,"column":44},"end":{"line":655,"column":3}},"line":649},"33":{"name":"(anonymous_33)","decl":{"start":{"line":651,"column":35},"end":{"line":651,"column":36}},"loc":{"start":{"line":651,"column":51},"end":{"line":653,"column":5}},"line":651}},"branchMap":{"0":{"loc":{"start":{"line":19,"column":26},"end":{"line":19,"column":45}},"type":"cond-expr","locations":[{"start":{"line":19,"column":36},"end":{"line":19,"column":39}},{"start":{"line":19,"column":42},"end":{"line":19,"column":45}}],"line":19},"1":{"loc":{"start":{"line":174,"column":13},"end":{"line":174,"column":39}},"type":"binary-expr","locations":[{"start":{"line":174,"column":13},"end":{"line":174,"column":32}},{"start":{"line":174,"column":36},"end":{"line":174,"column":39}}],"line":174},"2":{"loc":{"start":{"line":177,"column":16},"end":{"line":177,"column":27}},"type":"binary-expr","locations":[{"start":{"line":177,"column":16},"end":{"line":177,"column":22}},{"start":{"line":177,"column":26},"end":{"line":177,"column":27}}],"line":177},"3":{"loc":{"start":{"line":190,"column":13},"end":{"line":190,"column":39}},"type":"binary-expr","locations":[{"start":{"line":190,"column":13},"end":{"line":190,"column":32}},{"start":{"line":190,"column":36},"end":{"line":190,"column":39}}],"line":190},"4":{"loc":{"start":{"line":211,"column":6},"end":{"line":213,"column":7}},"type":"if","locations":[{"start":{"line":211,"column":6},"end":{"line":213,"column":7}},{"start":{},"end":{}}],"line":211},"5":{"loc":{"start":{"line":211,"column":10},"end":{"line":211,"column":28}},"type":"binary-expr","locations":[{"start":{"line":211,"column":10},"end":{"line":211,"column":13}},{"start":{"line":211,"column":17},"end":{"line":211,"column":28}}],"line":211},"6":{"loc":{"start":{"line":228,"column":4},"end":{"line":229,"column":25}},"type":"if","locations":[{"start":{"line":228,"column":4},"end":{"line":229,"column":25}},{"start":{"line":229,"column":9},"end":{"line":229,"column":25}}],"line":228},"7":{"loc":{"start":{"line":233,"column":4},"end":{"line":233,"column":53}},"type":"if","locations":[{"start":{"line":233,"column":4},"end":{"line":233,"column":53}},{"start":{},"end":{}}],"line":233},"8":{"loc":{"start":{"line":238,"column":4},"end":{"line":238,"column":53}},"type":"if","locations":[{"start":{"line":238,"column":4},"end":{"line":238,"column":53}},{"start":{},"end":{}}],"line":238},"9":{"loc":{"start":{"line":242,"column":26},"end":{"line":242,"column":37}},"type":"default-arg","locations":[{"start":{"line":242,"column":35},"end":{"line":242,"column":37}}],"line":242},"10":{"loc":{"start":{"line":246,"column":14},"end":{"line":246,"column":46}},"type":"cond-expr","locations":[{"start":{"line":246,"column":23},"end":{"line":246,"column":41}},{"start":{"line":246,"column":44},"end":{"line":246,"column":46}}],"line":246},"11":{"loc":{"start":{"line":251,"column":19},"end":{"line":251,"column":42}},"type":"cond-expr","locations":[{"start":{"line":251,"column":29},"end":{"line":251,"column":34}},{"start":{"line":251,"column":37},"end":{"line":251,"column":42}}],"line":251},"12":{"loc":{"start":{"line":252,"column":21},"end":{"line":252,"column":44}},"type":"cond-expr","locations":[{"start":{"line":252,"column":31},"end":{"line":252,"column":36}},{"start":{"line":252,"column":39},"end":{"line":252,"column":44}}],"line":252},"13":{"loc":{"start":{"line":253,"column":18},"end":{"line":253,"column":43}},"type":"cond-expr","locations":[{"start":{"line":253,"column":28},"end":{"line":253,"column":34}},{"start":{"line":253,"column":37},"end":{"line":253,"column":43}}],"line":253},"14":{"loc":{"start":{"line":278,"column":67},"end":{"line":278,"column":81}},"type":"binary-expr","locations":[{"start":{"line":278,"column":67},"end":{"line":278,"column":76}},{"start":{"line":278,"column":80},"end":{"line":278,"column":81}}],"line":278},"15":{"loc":{"start":{"line":284,"column":93},"end":{"line":284,"column":107}},"type":"binary-expr","locations":[{"start":{"line":284,"column":93},"end":{"line":284,"column":102}},{"start":{"line":284,"column":106},"end":{"line":284,"column":107}}],"line":284},"16":{"loc":{"start":{"line":299,"column":4},"end":{"line":299,"column":107}},"type":"if","locations":[{"start":{"line":299,"column":4},"end":{"line":299,"column":107}},{"start":{},"end":{}}],"line":299},"17":{"loc":{"start":{"line":299,"column":8},"end":{"line":299,"column":94}},"type":"binary-expr","locations":[{"start":{"line":299,"column":8},"end":{"line":299,"column":28}},{"start":{"line":299,"column":32},"end":{"line":299,"column":51}},{"start":{"line":299,"column":55},"end":{"line":299,"column":71}},{"start":{"line":299,"column":75},"end":{"line":299,"column":94}}],"line":299},"18":{"loc":{"start":{"line":300,"column":4},"end":{"line":302,"column":5}},"type":"if","locations":[{"start":{"line":300,"column":4},"end":{"line":302,"column":5}},{"start":{},"end":{}}],"line":300},"19":{"loc":{"start":{"line":301,"column":6},"end":{"line":301,"column":67}},"type":"if","locations":[{"start":{"line":301,"column":6},"end":{"line":301,"column":67}},{"start":{},"end":{}}],"line":301},"20":{"loc":{"start":{"line":301,"column":10},"end":{"line":301,"column":54}},"type":"binary-expr","locations":[{"start":{"line":301,"column":10},"end":{"line":301,"column":30}},{"start":{"line":301,"column":34},"end":{"line":301,"column":54}}],"line":301},"21":{"loc":{"start":{"line":308,"column":4},"end":{"line":310,"column":5}},"type":"if","locations":[{"start":{"line":308,"column":4},"end":{"line":310,"column":5}},{"start":{},"end":{}}],"line":308},"22":{"loc":{"start":{"line":308,"column":8},"end":{"line":308,"column":56}},"type":"binary-expr","locations":[{"start":{"line":308,"column":8},"end":{"line":308,"column":28}},{"start":{"line":308,"column":32},"end":{"line":308,"column":56}}],"line":308},"23":{"loc":{"start":{"line":311,"column":4},"end":{"line":313,"column":5}},"type":"if","locations":[{"start":{"line":311,"column":4},"end":{"line":313,"column":5}},{"start":{},"end":{}}],"line":311},"24":{"loc":{"start":{"line":311,"column":8},"end":{"line":311,"column":41}},"type":"binary-expr","locations":[{"start":{"line":311,"column":8},"end":{"line":311,"column":28}},{"start":{"line":311,"column":32},"end":{"line":311,"column":41}}],"line":311},"25":{"loc":{"start":{"line":314,"column":4},"end":{"line":316,"column":5}},"type":"if","locations":[{"start":{"line":314,"column":4},"end":{"line":316,"column":5}},{"start":{},"end":{}}],"line":314},"26":{"loc":{"start":{"line":317,"column":4},"end":{"line":319,"column":5}},"type":"if","locations":[{"start":{"line":317,"column":4},"end":{"line":319,"column":5}},{"start":{},"end":{}}],"line":317},"27":{"loc":{"start":{"line":317,"column":8},"end":{"line":317,"column":55}},"type":"binary-expr","locations":[{"start":{"line":317,"column":8},"end":{"line":317,"column":27}},{"start":{"line":317,"column":31},"end":{"line":317,"column":55}}],"line":317},"28":{"loc":{"start":{"line":320,"column":4},"end":{"line":322,"column":5}},"type":"if","locations":[{"start":{"line":320,"column":4},"end":{"line":322,"column":5}},{"start":{},"end":{}}],"line":320},"29":{"loc":{"start":{"line":320,"column":8},"end":{"line":320,"column":40}},"type":"binary-expr","locations":[{"start":{"line":320,"column":8},"end":{"line":320,"column":27}},{"start":{"line":320,"column":31},"end":{"line":320,"column":40}}],"line":320},"30":{"loc":{"start":{"line":323,"column":4},"end":{"line":325,"column":5}},"type":"if","locations":[{"start":{"line":323,"column":4},"end":{"line":325,"column":5}},{"start":{},"end":{}}],"line":323},"31":{"loc":{"start":{"line":326,"column":4},"end":{"line":328,"column":5}},"type":"if","locations":[{"start":{"line":326,"column":4},"end":{"line":328,"column":5}},{"start":{},"end":{}}],"line":326},"32":{"loc":{"start":{"line":329,"column":4},"end":{"line":331,"column":5}},"type":"if","locations":[{"start":{"line":329,"column":4},"end":{"line":331,"column":5}},{"start":{},"end":{}}],"line":329},"33":{"loc":{"start":{"line":332,"column":4},"end":{"line":334,"column":5}},"type":"if","locations":[{"start":{"line":332,"column":4},"end":{"line":334,"column":5}},{"start":{},"end":{}}],"line":332},"34":{"loc":{"start":{"line":332,"column":8},"end":{"line":332,"column":68}},"type":"binary-expr","locations":[{"start":{"line":332,"column":8},"end":{"line":332,"column":24}},{"start":{"line":332,"column":28},"end":{"line":332,"column":47}},{"start":{"line":332,"column":51},"end":{"line":332,"column":68}}],"line":332},"35":{"loc":{"start":{"line":335,"column":4},"end":{"line":337,"column":5}},"type":"if","locations":[{"start":{"line":335,"column":4},"end":{"line":337,"column":5}},{"start":{},"end":{}}],"line":335},"36":{"loc":{"start":{"line":335,"column":8},"end":{"line":335,"column":74}},"type":"binary-expr","locations":[{"start":{"line":335,"column":8},"end":{"line":335,"column":24}},{"start":{"line":335,"column":28},"end":{"line":335,"column":55}},{"start":{"line":335,"column":59},"end":{"line":335,"column":74}}],"line":335},"37":{"loc":{"start":{"line":338,"column":4},"end":{"line":340,"column":5}},"type":"if","locations":[{"start":{"line":338,"column":4},"end":{"line":340,"column":5}},{"start":{},"end":{}}],"line":338},"38":{"loc":{"start":{"line":341,"column":4},"end":{"line":343,"column":5}},"type":"if","locations":[{"start":{"line":341,"column":4},"end":{"line":343,"column":5}},{"start":{},"end":{}}],"line":341},"39":{"loc":{"start":{"line":344,"column":4},"end":{"line":365,"column":5}},"type":"if","locations":[{"start":{"line":344,"column":4},"end":{"line":365,"column":5}},{"start":{},"end":{}}],"line":344},"40":{"loc":{"start":{"line":366,"column":4},"end":{"line":389,"column":5}},"type":"if","locations":[{"start":{"line":366,"column":4},"end":{"line":389,"column":5}},{"start":{},"end":{}}],"line":366},"41":{"loc":{"start":{"line":367,"column":6},"end":{"line":369,"column":7}},"type":"if","locations":[{"start":{"line":367,"column":6},"end":{"line":369,"column":7}},{"start":{},"end":{}}],"line":367},"42":{"loc":{"start":{"line":370,"column":6},"end":{"line":372,"column":7}},"type":"if","locations":[{"start":{"line":370,"column":6},"end":{"line":372,"column":7}},{"start":{},"end":{}}],"line":370},"43":{"loc":{"start":{"line":373,"column":6},"end":{"line":375,"column":7}},"type":"if","locations":[{"start":{"line":373,"column":6},"end":{"line":375,"column":7}},{"start":{},"end":{}}],"line":373},"44":{"loc":{"start":{"line":376,"column":6},"end":{"line":376,"column":95}},"type":"if","locations":[{"start":{"line":376,"column":6},"end":{"line":376,"column":95}},{"start":{},"end":{}}],"line":376},"45":{"loc":{"start":{"line":377,"column":6},"end":{"line":383,"column":7}},"type":"if","locations":[{"start":{"line":377,"column":6},"end":{"line":383,"column":7}},{"start":{},"end":{}}],"line":377},"46":{"loc":{"start":{"line":390,"column":4},"end":{"line":397,"column":5}},"type":"if","locations":[{"start":{"line":390,"column":4},"end":{"line":397,"column":5}},{"start":{},"end":{}}],"line":390},"47":{"loc":{"start":{"line":402,"column":4},"end":{"line":404,"column":5}},"type":"if","locations":[{"start":{"line":402,"column":4},"end":{"line":404,"column":5}},{"start":{},"end":{}}],"line":402},"48":{"loc":{"start":{"line":405,"column":4},"end":{"line":407,"column":5}},"type":"if","locations":[{"start":{"line":405,"column":4},"end":{"line":407,"column":5}},{"start":{},"end":{}}],"line":405},"49":{"loc":{"start":{"line":408,"column":4},"end":{"line":410,"column":5}},"type":"if","locations":[{"start":{"line":408,"column":4},"end":{"line":410,"column":5}},{"start":{},"end":{}}],"line":408},"50":{"loc":{"start":{"line":411,"column":4},"end":{"line":413,"column":5}},"type":"if","locations":[{"start":{"line":411,"column":4},"end":{"line":413,"column":5}},{"start":{},"end":{}}],"line":411},"51":{"loc":{"start":{"line":414,"column":4},"end":{"line":416,"column":5}},"type":"if","locations":[{"start":{"line":414,"column":4},"end":{"line":416,"column":5}},{"start":{},"end":{}}],"line":414},"52":{"loc":{"start":{"line":414,"column":8},"end":{"line":414,"column":52}},"type":"binary-expr","locations":[{"start":{"line":414,"column":8},"end":{"line":414,"column":24}},{"start":{"line":414,"column":28},"end":{"line":414,"column":52}}],"line":414},"53":{"loc":{"start":{"line":417,"column":4},"end":{"line":419,"column":5}},"type":"if","locations":[{"start":{"line":417,"column":4},"end":{"line":419,"column":5}},{"start":{},"end":{}}],"line":417},"54":{"loc":{"start":{"line":417,"column":8},"end":{"line":417,"column":47}},"type":"binary-expr","locations":[{"start":{"line":417,"column":8},"end":{"line":417,"column":24}},{"start":{"line":417,"column":28},"end":{"line":417,"column":47}}],"line":417},"55":{"loc":{"start":{"line":420,"column":4},"end":{"line":422,"column":5}},"type":"if","locations":[{"start":{"line":420,"column":4},"end":{"line":422,"column":5}},{"start":{},"end":{}}],"line":420},"56":{"loc":{"start":{"line":423,"column":4},"end":{"line":425,"column":5}},"type":"if","locations":[{"start":{"line":423,"column":4},"end":{"line":425,"column":5}},{"start":{},"end":{}}],"line":423},"57":{"loc":{"start":{"line":426,"column":4},"end":{"line":430,"column":5}},"type":"if","locations":[{"start":{"line":426,"column":4},"end":{"line":430,"column":5}},{"start":{},"end":{}}],"line":426},"58":{"loc":{"start":{"line":431,"column":4},"end":{"line":444,"column":5}},"type":"if","locations":[{"start":{"line":431,"column":4},"end":{"line":444,"column":5}},{"start":{},"end":{}}],"line":431},"59":{"loc":{"start":{"line":432,"column":6},"end":{"line":434,"column":7}},"type":"if","locations":[{"start":{"line":432,"column":6},"end":{"line":434,"column":7}},{"start":{},"end":{}}],"line":432},"60":{"loc":{"start":{"line":435,"column":6},"end":{"line":437,"column":7}},"type":"if","locations":[{"start":{"line":435,"column":6},"end":{"line":437,"column":7}},{"start":{},"end":{}}],"line":435},"61":{"loc":{"start":{"line":438,"column":6},"end":{"line":438,"column":95}},"type":"if","locations":[{"start":{"line":438,"column":6},"end":{"line":438,"column":95}},{"start":{},"end":{}}],"line":438},"62":{"loc":{"start":{"line":445,"column":4},"end":{"line":458,"column":5}},"type":"if","locations":[{"start":{"line":445,"column":4},"end":{"line":458,"column":5}},{"start":{},"end":{}}],"line":445},"63":{"loc":{"start":{"line":450,"column":8},"end":{"line":454,"column":9}},"type":"if","locations":[{"start":{"line":450,"column":8},"end":{"line":454,"column":9}},{"start":{"line":452,"column":15},"end":{"line":454,"column":9}}],"line":450},"64":{"loc":{"start":{"line":467,"column":8},"end":{"line":471,"column":9}},"type":"if","locations":[{"start":{"line":467,"column":8},"end":{"line":471,"column":9}},{"start":{"line":469,"column":15},"end":{"line":471,"column":9}}],"line":467},"65":{"loc":{"start":{"line":638,"column":20},"end":{"line":638,"column":42}},"type":"binary-expr","locations":[{"start":{"line":638,"column":20},"end":{"line":638,"column":30}},{"start":{"line":638,"column":34},"end":{"line":638,"column":42}}],"line":638},"66":{"loc":{"start":{"line":641,"column":37},"end":{"line":641,"column":60}},"type":"binary-expr","locations":[{"start":{"line":641,"column":37},"end":{"line":641,"column":43}},{"start":{"line":641,"column":47},"end":{"line":641,"column":60}}],"line":641}},"s":{"0":1,"1":1,"2":1,"3":1,"4":1,"5":1,"6":1,"7":14,"8":14,"9":14,"10":7,"11":7,"12":7,"13":0,"14":0,"15":0,"16":0,"17":0,"18":0,"19":0,"20":0,"21":0,"22":0,"23":0,"24":0,"25":0,"26":0,"27":0,"28":0,"29":0,"30":0,"31":0,"32":0,"33":0,"34":7,"35":4,"36":3,"37":10,"38":4,"39":6,"40":1,"41":0,"42":1,"43":0,"44":2,"45":2,"46":2,"47":1,"48":3,"49":1,"50":1,"51":1,"52":1,"53":1,"54":3,"55":2,"56":1,"57":1,"58":0,"59":1,"60":90,"61":1,"62":89,"63":0,"64":89,"65":6,"66":83,"67":1,"68":82,"69":0,"70":82,"71":14,"72":68,"73":0,"74":68,"75":2,"76":66,"77":39,"78":27,"79":0,"80":27,"81":3,"82":24,"83":0,"84":24,"85":1,"86":1,"87":1,"88":1,"89":1,"90":1,"91":1,"92":1,"93":1,"94":1,"95":1,"96":23,"97":12,"98":4,"99":4,"100":8,"101":1,"102":0,"103":7,"104":4,"105":3,"106":0,"107":3,"108":2,"109":2,"110":2,"111":4,"112":2,"113":1,"114":1,"115":1,"116":2,"117":1,"118":11,"119":10,"120":10,"121":10,"122":10,"123":62,"124":10,"125":1,"126":33,"127":7,"128":26,"129":4,"130":22,"131":0,"132":22,"133":1,"134":21,"135":7,"136":14,"137":2,"138":12,"139":0,"140":12,"141":0,"142":12,"143":1,"144":1,"145":1,"146":11,"147":4,"148":1,"149":1,"150":3,"151":2,"152":1,"153":0,"154":1,"155":1,"156":1,"157":2,"158":1,"159":7,"160":6,"161":6,"162":6,"163":6,"164":19,"165":10,"166":9,"167":19,"168":6,"169":1,"170":6,"171":6,"172":22,"173":4,"174":3,"175":1,"176":4,"177":6,"178":2,"179":2,"180":2,"181":2,"182":2,"183":2,"184":2,"185":2,"186":2,"187":3,"188":3,"189":3,"190":2,"191":2,"192":1,"193":2,"194":0,"195":0,"196":0,"197":0,"198":2,"199":1},"f":{"0":14,"1":2,"2":7,"3":7,"4":0,"5":0,"6":0,"7":0,"8":0,"9":7,"10":10,"11":1,"12":0,"13":1,"14":3,"15":1,"16":1,"17":1,"18":3,"19":90,"20":1,"21":1,"22":1,"23":1,"24":1,"25":4,"26":0,"27":33,"28":1,"29":6,"30":4,"31":3,"32":0,"33":0},"b":{"0":[7,0],"1":[0,0],"2":[0,0],"3":[0,0],"4":[0,0],"5":[0,0],"6":[4,3],"7":[4,6],"8":[0,1],"9":[0],"10":[0,0],"11":[1,1],"12":[1,1],"13":[1,1],"14":[1,1],"15":[1,1],"16":[2,1],"17":[3,1,1,1],"18":[1,0],"19":[0,1],"20":[1,1],"21":[1,89],"22":[90,7],"23":[0,89],"24":[89,6],"25":[6,83],"26":[1,82],"27":[83,15],"28":[0,82],"29":[82,14],"30":[14,68],"31":[0,68],"32":[2,66],"33":[39,27],"34":[66,32,30],"35":[0,27],"36":[27,3,0],"37":[3,24],"38":[0,24],"39":[1,23],"40":[12,11],"41":[4,8],"42":[1,7],"43":[4,3],"44":[0,3],"45":[2,1],"46":[10,1],"47":[7,26],"48":[4,22],"49":[0,22],"50":[1,21],"51":[7,14],"52":[21,14],"53":[2,12],"54":[14,14],"55":[0,12],"56":[0,12],"57":[1,11],"58":[4,7],"59":[1,3],"60":[2,1],"61":[0,1],"62":[6,1],"63":[10,9],"64":[3,1],"65":[3,1],"66":[2,2]},"_coverageSchema":"1a1c01bbd47fc00a2c39e90264f33305004495a9","hash":"138ffd1565f3d171be44ac24a0695794fa4c751b"}
,"/Users/fabri/keyko/filecoin-auto-datacap-allocation-bot/deps/filecoin-verifier-tools/hamt/hamt.js": {"path":"/Users/fabri/keyko/filecoin-auto-datacap-allocation-bot/deps/filecoin-verifier-tools/hamt/hamt.js","statementMap":{"0":{"start":{"line":1,"column":16},"end":{"line":1,"column":49}},"1":{"start":{"line":2,"column":15},"end":{"line":2,"column":35}},"2":{"start":{"line":7,"column":14},"end":{"line":7,"column":70}},"3":{"start":{"line":8,"column":2},"end":{"line":8,"column":15}},"4":{"start":{"line":9,"column":2},"end":{"line":9,"column":12}},"5":{"start":{"line":13,"column":12},"end":{"line":13,"column":20}},"6":{"start":{"line":14,"column":12},"end":{"line":14,"column":13}},"7":{"start":{"line":15,"column":2},"end":{"line":21,"column":3}},"8":{"start":{"line":16,"column":4},"end":{"line":18,"column":5}},"9":{"start":{"line":17,"column":6},"end":{"line":17,"column":11}},"10":{"start":{"line":19,"column":4},"end":{"line":19,"column":8}},"11":{"start":{"line":20,"column":4},"end":{"line":20,"column":19}},"12":{"start":{"line":22,"column":2},"end":{"line":22,"column":12}},"13":{"start":{"line":25,"column":0},"end":{"line":25,"column":27}},"14":{"start":{"line":26,"column":0},"end":{"line":26,"column":39}},"15":{"start":{"line":29,"column":2},"end":{"line":29,"column":32}},"16":{"start":{"line":33,"column":14},"end":{"line":33,"column":38}},"17":{"start":{"line":34,"column":2},"end":{"line":36,"column":3}},"18":{"start":{"line":35,"column":4},"end":{"line":35,"column":44}},"19":{"start":{"line":38,"column":17},"end":{"line":38,"column":53}},"20":{"start":{"line":40,"column":12},"end":{"line":40,"column":35}},"21":{"start":{"line":42,"column":2},"end":{"line":49,"column":3}},"22":{"start":{"line":43,"column":4},"end":{"line":45,"column":5}},"23":{"start":{"line":44,"column":6},"end":{"line":44,"column":90}},"24":{"start":{"line":44,"column":69},"end":{"line":44,"column":90}},"25":{"start":{"line":47,"column":18},"end":{"line":47,"column":36}},"26":{"start":{"line":48,"column":4},"end":{"line":48,"column":84}},"27":{"start":{"line":50,"column":2},"end":{"line":50,"column":34}},"28":{"start":{"line":54,"column":2},"end":{"line":56,"column":3}},"29":{"start":{"line":55,"column":4},"end":{"line":55,"column":37}},"30":{"start":{"line":57,"column":2},"end":{"line":59,"column":3}},"31":{"start":{"line":58,"column":4},"end":{"line":58,"column":48}},"32":{"start":{"line":60,"column":2},"end":{"line":62,"column":3}},"33":{"start":{"line":61,"column":4},"end":{"line":61,"column":31}},"34":{"start":{"line":63,"column":2},"end":{"line":63,"column":12}},"35":{"start":{"line":66,"column":0},"end":{"line":66,"column":33}},"36":{"start":{"line":69,"column":2},"end":{"line":78,"column":3}},"37":{"start":{"line":70,"column":4},"end":{"line":77,"column":5}},"38":{"start":{"line":71,"column":6},"end":{"line":73,"column":7}},"39":{"start":{"line":72,"column":8},"end":{"line":72,"column":48}},"40":{"start":{"line":75,"column":20},"end":{"line":75,"column":38}},"41":{"start":{"line":76,"column":6},"end":{"line":76,"column":79}},"42":{"start":{"line":82,"column":12},"end":{"line":82,"column":14}},"43":{"start":{"line":83,"column":2},"end":{"line":86,"column":3}},"44":{"start":{"line":83,"column":15},"end":{"line":83,"column":16}},"45":{"start":{"line":84,"column":4},"end":{"line":84,"column":15}},"46":{"start":{"line":85,"column":4},"end":{"line":85,"column":23}},"47":{"start":{"line":87,"column":2},"end":{"line":87,"column":12}},"48":{"start":{"line":90,"column":0},"end":{"line":90,"column":31}},"49":{"start":{"line":93,"column":2},"end":{"line":96,"column":3}},"50":{"start":{"line":99,"column":0},"end":{"line":99,"column":29}},"51":{"start":{"line":101,"column":0},"end":{"line":104,"column":1}},"52":{"start":{"line":102,"column":15},"end":{"line":102,"column":58}},"53":{"start":{"line":103,"column":2},"end":{"line":103,"column":94}},"54":{"start":{"line":106,"column":0},"end":{"line":108,"column":1}},"55":{"start":{"line":107,"column":2},"end":{"line":107,"column":65}},"56":{"start":{"line":110,"column":0},"end":{"line":118,"column":1}},"57":{"start":{"line":111,"column":18},"end":{"line":111,"column":20}},"58":{"start":{"line":112,"column":2},"end":{"line":115,"column":6}},"59":{"start":{"line":114,"column":6},"end":{"line":114,"column":95}},"60":{"start":{"line":117,"column":2},"end":{"line":117,"column":18}},"61":{"start":{"line":121,"column":12},"end":{"line":121,"column":14}},"62":{"start":{"line":122,"column":12},"end":{"line":122,"column":14}},"63":{"start":{"line":123,"column":2},"end":{"line":129,"column":3}},"64":{"start":{"line":123,"column":15},"end":{"line":123,"column":21}},"65":{"start":{"line":124,"column":4},"end":{"line":124,"column":40}},"66":{"start":{"line":125,"column":4},"end":{"line":127,"column":5}},"67":{"start":{"line":126,"column":6},"end":{"line":126,"column":16}},"68":{"start":{"line":128,"column":4},"end":{"line":128,"column":15}},"69":{"start":{"line":130,"column":2},"end":{"line":130,"column":12}},"70":{"start":{"line":133,"column":0},"end":{"line":135,"column":1}},"71":{"start":{"line":134,"column":2},"end":{"line":134,"column":39}}},"fnMap":{"0":{"name":"nextBits","decl":{"start":{"line":5,"column":9},"end":{"line":5,"column":17}},"loc":{"start":{"line":5,"column":26},"end":{"line":10,"column":1}},"line":5},"1":{"name":"indexForBitPos","decl":{"start":{"line":12,"column":9},"end":{"line":12,"column":23}},"loc":{"start":{"line":12,"column":38},"end":{"line":23,"column":1}},"line":12},"2":{"name":"getBit","decl":{"start":{"line":28,"column":9},"end":{"line":28,"column":15}},"loc":{"start":{"line":28,"column":22},"end":{"line":30,"column":1}},"line":28},"3":{"name":"getValue","decl":{"start":{"line":32,"column":15},"end":{"line":32,"column":23}},"loc":{"start":{"line":32,"column":42},"end":{"line":51,"column":1}},"line":32},"4":{"name":"makeBuffers","decl":{"start":{"line":53,"column":9},"end":{"line":53,"column":20}},"loc":{"start":{"line":53,"column":26},"end":{"line":64,"column":1}},"line":53},"5":{"name":"forEach","decl":{"start":{"line":68,"column":15},"end":{"line":68,"column":22}},"loc":{"start":{"line":68,"column":36},"end":{"line":79,"column":1}},"line":68},"6":{"name":"bytesToBig","decl":{"start":{"line":81,"column":9},"end":{"line":81,"column":19}},"loc":{"start":{"line":81,"column":23},"end":{"line":88,"column":1}},"line":81},"7":{"name":"parseNode","decl":{"start":{"line":92,"column":9},"end":{"line":92,"column":18}},"loc":{"start":{"line":92,"column":25},"end":{"line":97,"column":1}},"line":92},"8":{"name":"(anonymous_8)","decl":{"start":{"line":101,"column":15},"end":{"line":101,"column":16}},"loc":{"start":{"line":101,"column":48},"end":{"line":104,"column":1}},"line":101},"9":{"name":"(anonymous_9)","decl":{"start":{"line":106,"column":18},"end":{"line":106,"column":19}},"loc":{"start":{"line":106,"column":50},"end":{"line":108,"column":1}},"line":106},"10":{"name":"(anonymous_10)","decl":{"start":{"line":110,"column":25},"end":{"line":110,"column":26}},"loc":{"start":{"line":110,"column":53},"end":{"line":118,"column":1}},"line":110},"11":{"name":"(anonymous_11)","decl":{"start":{"line":113,"column":4},"end":{"line":113,"column":5}},"loc":{"start":{"line":113,"column":14},"end":{"line":115,"column":5}},"line":113},"12":{"name":"readVarInt","decl":{"start":{"line":120,"column":9},"end":{"line":120,"column":19}},"loc":{"start":{"line":120,"column":35},"end":{"line":131,"column":1}},"line":120},"13":{"name":"(anonymous_13)","decl":{"start":{"line":133,"column":21},"end":{"line":133,"column":22}},"loc":{"start":{"line":133,"column":46},"end":{"line":135,"column":1}},"line":133}},"branchMap":{"0":{"loc":{"start":{"line":16,"column":4},"end":{"line":18,"column":5}},"type":"if","locations":[{"start":{"line":16,"column":4},"end":{"line":18,"column":5}},{"start":{},"end":{}}],"line":16},"1":{"loc":{"start":{"line":34,"column":2},"end":{"line":36,"column":3}},"type":"if","locations":[{"start":{"line":34,"column":2},"end":{"line":36,"column":3}},{"start":{},"end":{}}],"line":34},"2":{"loc":{"start":{"line":42,"column":2},"end":{"line":49,"column":3}},"type":"if","locations":[{"start":{"line":42,"column":2},"end":{"line":49,"column":3}},{"start":{"line":46,"column":9},"end":{"line":49,"column":3}}],"line":42},"3":{"loc":{"start":{"line":44,"column":6},"end":{"line":44,"column":90}},"type":"if","locations":[{"start":{"line":44,"column":6},"end":{"line":44,"column":90}},{"start":{},"end":{}}],"line":44},"4":{"loc":{"start":{"line":54,"column":2},"end":{"line":56,"column":3}},"type":"if","locations":[{"start":{"line":54,"column":2},"end":{"line":56,"column":3}},{"start":{},"end":{}}],"line":54},"5":{"loc":{"start":{"line":57,"column":2},"end":{"line":59,"column":3}},"type":"if","locations":[{"start":{"line":57,"column":2},"end":{"line":59,"column":3}},{"start":{},"end":{}}],"line":57},"6":{"loc":{"start":{"line":57,"column":6},"end":{"line":57,"column":32}},"type":"binary-expr","locations":[{"start":{"line":57,"column":6},"end":{"line":57,"column":14}},{"start":{"line":57,"column":18},"end":{"line":57,"column":32}}],"line":57},"7":{"loc":{"start":{"line":60,"column":2},"end":{"line":62,"column":3}},"type":"if","locations":[{"start":{"line":60,"column":2},"end":{"line":62,"column":3}},{"start":{},"end":{}}],"line":60},"8":{"loc":{"start":{"line":70,"column":4},"end":{"line":77,"column":5}},"type":"if","locations":[{"start":{"line":70,"column":4},"end":{"line":77,"column":5}},{"start":{"line":74,"column":11},"end":{"line":77,"column":5}}],"line":70},"9":{"loc":{"start":{"line":95,"column":37},"end":{"line":95,"column":80}},"type":"cond-expr","locations":[{"start":{"line":95,"column":52},"end":{"line":95,"column":70}},{"start":{"line":95,"column":73},"end":{"line":95,"column":80}}],"line":95},"10":{"loc":{"start":{"line":125,"column":4},"end":{"line":127,"column":5}},"type":"if","locations":[{"start":{"line":125,"column":4},"end":{"line":127,"column":5}},{"start":{},"end":{}}],"line":125},"11":{"loc":{"start":{"line":134,"column":27},"end":{"line":134,"column":38}},"type":"binary-expr","locations":[{"start":{"line":134,"column":27},"end":{"line":134,"column":33}},{"start":{"line":134,"column":37},"end":{"line":134,"column":38}}],"line":134}},"s":{"0":2,"1":2,"2":10,"3":10,"4":10,"5":5,"6":5,"7":5,"8":61,"9":6,"10":61,"11":61,"12":5,"13":2,"14":2,"15":4,"16":4,"17":4,"18":1,"19":3,"20":3,"21":3,"22":3,"23":3,"24":3,"25":0,"26":0,"27":0,"28":85,"29":12,"30":73,"31":13,"32":60,"33":17,"34":43,"35":2,"36":3,"37":5,"38":5,"39":5,"40":0,"41":0,"42":31,"43":31,"44":31,"45":296,"46":296,"47":31,"48":2,"49":7,"50":2,"51":2,"52":4,"53":4,"54":2,"55":2,"56":2,"57":1,"58":1,"59":3,"60":1,"61":4,"62":4,"63":4,"64":4,"65":5,"66":5,"67":4,"68":1,"69":0,"70":2,"71":4},"f":{"0":10,"1":5,"2":4,"3":4,"4":85,"5":3,"6":31,"7":7,"8":4,"9":2,"10":1,"11":3,"12":4,"13":4},"b":{"0":[6,55],"1":[1,3],"2":[3,0],"3":[3,0],"4":[12,73],"5":[13,60],"6":[73,19],"7":[17,43],"8":[5,0],"9":[3,4],"10":[4,1],"11":[4,2]},"_coverageSchema":"1a1c01bbd47fc00a2c39e90264f33305004495a9","hash":"604ffc89bf21de85f3df10044917b30f430f4433"}
,"/Users/fabri/keyko/filecoin-auto-datacap-allocation-bot/deps/filecoin-verifier-tools/utils/common-utils.js": {"path":"/Users/fabri/keyko/filecoin-auto-datacap-allocation-bot/deps/filecoin-verifier-tools/utils/common-utils.js","statementMap":{"0":{"start":{"line":5,"column":2},"end":{"line":10,"column":3}},"1":{"start":{"line":6,"column":4},"end":{"line":8,"column":5}},"2":{"start":{"line":7,"column":6},"end":{"line":7,"column":24}},"3":{"start":{"line":9,"column":4},"end":{"line":9,"column":22}},"4":{"start":{"line":15,"column":2},"end":{"line":17,"column":3}},"5":{"start":{"line":16,"column":4},"end":{"line":16,"column":45}},"6":{"start":{"line":16,"column":25},"end":{"line":16,"column":43}},"7":{"start":{"line":21,"column":16},"end":{"line":21,"column":44}},"8":{"start":{"line":22,"column":2},"end":{"line":25,"column":3}},"9":{"start":{"line":24,"column":4},"end":{"line":24,"column":39}},"10":{"start":{"line":24,"column":31},"end":{"line":24,"column":38}},"11":{"start":{"line":28,"column":0},"end":{"line":28,"column":53}},"12":{"start":{"line":29,"column":0},"end":{"line":29,"column":31}},"13":{"start":{"line":30,"column":0},"end":{"line":30,"column":27}}},"fnMap":{"0":{"name":"matchGroupLargeNotary","decl":{"start":{"line":3,"column":9},"end":{"line":3,"column":30}},"loc":{"start":{"line":3,"column":47},"end":{"line":11,"column":1}},"line":3},"1":{"name":"matchGroup","decl":{"start":{"line":13,"column":9},"end":{"line":13,"column":19}},"loc":{"start":{"line":13,"column":36},"end":{"line":18,"column":1}},"line":13},"2":{"name":"matchAll","decl":{"start":{"line":20,"column":9},"end":{"line":20,"column":17}},"loc":{"start":{"line":20,"column":34},"end":{"line":26,"column":1}},"line":20},"3":{"name":"(anonymous_3)","decl":{"start":{"line":24,"column":23},"end":{"line":24,"column":24}},"loc":{"start":{"line":24,"column":31},"end":{"line":24,"column":38}},"line":24}},"branchMap":{"0":{"loc":{"start":{"line":5,"column":2},"end":{"line":10,"column":3}},"type":"if","locations":[{"start":{"line":5,"column":2},"end":{"line":10,"column":3}},{"start":{},"end":{}}],"line":5},"1":{"loc":{"start":{"line":6,"column":4},"end":{"line":8,"column":5}},"type":"if","locations":[{"start":{"line":6,"column":4},"end":{"line":8,"column":5}},{"start":{},"end":{}}],"line":6},"2":{"loc":{"start":{"line":15,"column":2},"end":{"line":17,"column":3}},"type":"if","locations":[{"start":{"line":15,"column":2},"end":{"line":17,"column":3}},{"start":{},"end":{}}],"line":15},"3":{"loc":{"start":{"line":16,"column":4},"end":{"line":16,"column":45}},"type":"if","locations":[{"start":{"line":16,"column":4},"end":{"line":16,"column":45}},{"start":{},"end":{}}],"line":16},"4":{"loc":{"start":{"line":22,"column":2},"end":{"line":25,"column":3}},"type":"if","locations":[{"start":{"line":22,"column":2},"end":{"line":25,"column":3}},{"start":{},"end":{}}],"line":22}},"s":{"0":113,"1":68,"2":60,"3":8,"4":18,"5":12,"6":12,"7":11,"8":11,"9":11,"10":23,"11":3,"12":3,"13":3},"f":{"0":113,"1":18,"2":11,"3":23},"b":{"0":[68,45],"1":[60,8],"2":[12,6],"3":[12,0],"4":[11,0]},"_coverageSchema":"1a1c01bbd47fc00a2c39e90264f33305004495a9","hash":"d0c9621e6e1932f01e31797b6586a5a2766932c6"}
,"/Users/fabri/keyko/filecoin-auto-datacap-allocation-bot/deps/filecoin-verifier-tools/utils/issue-parser.js": {"path":"/Users/fabri/keyko/filecoin-auto-datacap-allocation-bot/deps/filecoin-verifier-tools/utils/issue-parser.js","statementMap":{"0":{"start":{"line":3,"column":4},"end":{"line":3,"column":29}},"1":{"start":{"line":6,"column":20},"end":{"line":6,"column":60}},"2":{"start":{"line":7,"column":23},"end":{"line":7,"column":90}},"3":{"start":{"line":8,"column":23},"end":{"line":8,"column":78}},"4":{"start":{"line":9,"column":23},"end":{"line":9,"column":88}},"5":{"start":{"line":10,"column":22},"end":{"line":10,"column":76}},"6":{"start":{"line":11,"column":22},"end":{"line":11,"column":64}},"7":{"start":{"line":13,"column":15},"end":{"line":13,"column":50}},"8":{"start":{"line":14,"column":18},"end":{"line":14,"column":56}},"9":{"start":{"line":15,"column":18},"end":{"line":15,"column":56}},"10":{"start":{"line":16,"column":18},"end":{"line":16,"column":56}},"11":{"start":{"line":17,"column":17},"end":{"line":17,"column":54}},"12":{"start":{"line":18,"column":17},"end":{"line":18,"column":54}},"13":{"start":{"line":20,"column":2},"end":{"line":32,"column":3}},"14":{"start":{"line":21,"column":4},"end":{"line":31,"column":5}},"15":{"start":{"line":34,"column":21},"end":{"line":34,"column":23}},"16":{"start":{"line":35,"column":2},"end":{"line":35,"column":96}},"17":{"start":{"line":35,"column":15},"end":{"line":35,"column":94}},"18":{"start":{"line":36,"column":2},"end":{"line":36,"column":111}},"19":{"start":{"line":36,"column":18},"end":{"line":36,"column":109}},"20":{"start":{"line":37,"column":2},"end":{"line":37,"column":111}},"21":{"start":{"line":37,"column":18},"end":{"line":37,"column":109}},"22":{"start":{"line":38,"column":2},"end":{"line":38,"column":115}},"23":{"start":{"line":38,"column":18},"end":{"line":38,"column":113}},"24":{"start":{"line":40,"column":2},"end":{"line":48,"column":3}},"25":{"start":{"line":58,"column":0},"end":{"line":58,"column":31}}},"fnMap":{"0":{"name":"parseIssue","decl":{"start":{"line":5,"column":9},"end":{"line":5,"column":19}},"loc":{"start":{"line":5,"column":34},"end":{"line":49,"column":1}},"line":5}},"branchMap":{"0":{"loc":{"start":{"line":20,"column":2},"end":{"line":32,"column":3}},"type":"if","locations":[{"start":{"line":20,"column":2},"end":{"line":32,"column":3}},{"start":{},"end":{}}],"line":20},"1":{"loc":{"start":{"line":20,"column":6},"end":{"line":20,"column":43}},"type":"binary-expr","locations":[{"start":{"line":20,"column":6},"end":{"line":20,"column":10}},{"start":{"line":20,"column":14},"end":{"line":20,"column":21}},{"start":{"line":20,"column":25},"end":{"line":20,"column":32}},{"start":{"line":20,"column":36},"end":{"line":20,"column":43}}],"line":20},"2":{"loc":{"start":{"line":35,"column":2},"end":{"line":35,"column":96}},"type":"if","locations":[{"start":{"line":35,"column":2},"end":{"line":35,"column":96}},{"start":{},"end":{}}],"line":35},"3":{"loc":{"start":{"line":36,"column":2},"end":{"line":36,"column":111}},"type":"if","locations":[{"start":{"line":36,"column":2},"end":{"line":36,"column":111}},{"start":{},"end":{}}],"line":36},"4":{"loc":{"start":{"line":37,"column":2},"end":{"line":37,"column":111}},"type":"if","locations":[{"start":{"line":37,"column":2},"end":{"line":37,"column":111}},{"start":{},"end":{}}],"line":37},"5":{"loc":{"start":{"line":38,"column":2},"end":{"line":38,"column":115}},"type":"if","locations":[{"start":{"line":38,"column":2},"end":{"line":38,"column":115}},{"start":{},"end":{}}],"line":38}},"s":{"0":1,"1":3,"2":3,"3":3,"4":3,"5":3,"6":3,"7":3,"8":3,"9":3,"10":3,"11":3,"12":3,"13":3,"14":1,"15":2,"16":2,"17":2,"18":2,"19":2,"20":2,"21":2,"22":2,"23":2,"24":2,"25":1},"f":{"0":3},"b":{"0":[1,2],"1":[3,1,1,1],"2":[2,0],"3":[2,0],"4":[2,0],"5":[2,0]},"_coverageSchema":"1a1c01bbd47fc00a2c39e90264f33305004495a9","hash":"2b9ad8eda0630dc618d978cd93c75fe3b6f43a5b"}
,"/Users/fabri/keyko/filecoin-auto-datacap-allocation-bot/deps/filecoin-verifier-tools/utils/large-issue-parser.js": {"path":"/Users/fabri/keyko/filecoin-auto-datacap-allocation-bot/deps/filecoin-verifier-tools/utils/large-issue-parser.js","statementMap":{"0":{"start":{"line":4,"column":4},"end":{"line":4,"column":29}},"1":{"start":{"line":7,"column":17},"end":{"line":28,"column":3}},"2":{"start":{"line":30,"column":17},"end":{"line":30,"column":19}},"3":{"start":{"line":31,"column":2},"end":{"line":33,"column":3}},"4":{"start":{"line":32,"column":4},"end":{"line":32,"column":51}},"5":{"start":{"line":34,"column":2},"end":{"line":34,"column":15}},"6":{"start":{"line":38,"column":20},"end":{"line":38,"column":74}},"7":{"start":{"line":39,"column":22},"end":{"line":39,"column":63}},"8":{"start":{"line":40,"column":23},"end":{"line":40,"column":88}},"9":{"start":{"line":41,"column":23},"end":{"line":41,"column":104}},"10":{"start":{"line":42,"column":32},"end":{"line":42,"column":152}},"11":{"start":{"line":43,"column":29},"end":{"line":43,"column":97}},"12":{"start":{"line":44,"column":39},"end":{"line":44,"column":155}},"13":{"start":{"line":45,"column":28},"end":{"line":45,"column":62}},"14":{"start":{"line":47,"column":15},"end":{"line":47,"column":61}},"15":{"start":{"line":48,"column":17},"end":{"line":48,"column":65}},"16":{"start":{"line":49,"column":18},"end":{"line":49,"column":67}},"17":{"start":{"line":50,"column":18},"end":{"line":50,"column":67}},"18":{"start":{"line":51,"column":27},"end":{"line":51,"column":85}},"19":{"start":{"line":52,"column":34},"end":{"line":52,"column":99}},"20":{"start":{"line":53,"column":25},"end":{"line":53,"column":61}},"21":{"start":{"line":55,"column":25},"end":{"line":55,"column":35}},"22":{"start":{"line":56,"column":29},"end":{"line":56,"column":57}},"23":{"start":{"line":58,"column":2},"end":{"line":73,"column":3}},"24":{"start":{"line":59,"column":4},"end":{"line":72,"column":5}},"25":{"start":{"line":75,"column":2},"end":{"line":91,"column":3}},"26":{"start":{"line":76,"column":27},"end":{"line":76,"column":82}},"27":{"start":{"line":77,"column":4},"end":{"line":90,"column":5}},"28":{"start":{"line":78,"column":6},"end":{"line":89,"column":7}},"29":{"start":{"line":93,"column":21},"end":{"line":93,"column":23}},"30":{"start":{"line":94,"column":2},"end":{"line":94,"column":96}},"31":{"start":{"line":94,"column":15},"end":{"line":94,"column":94}},"32":{"start":{"line":95,"column":2},"end":{"line":95,"column":111}},"33":{"start":{"line":95,"column":18},"end":{"line":95,"column":109}},"34":{"start":{"line":96,"column":2},"end":{"line":96,"column":120}},"35":{"start":{"line":96,"column":27},"end":{"line":96,"column":118}},"36":{"start":{"line":97,"column":2},"end":{"line":97,"column":123}},"37":{"start":{"line":97,"column":18},"end":{"line":97,"column":121}},"38":{"start":{"line":98,"column":2},"end":{"line":98,"column":144}},"39":{"start":{"line":98,"column":34},"end":{"line":98,"column":142}},"40":{"start":{"line":99,"column":2},"end":{"line":99,"column":99}},"41":{"start":{"line":99,"column":17},"end":{"line":99,"column":97}},"42":{"start":{"line":101,"column":2},"end":{"line":109,"column":3}},"43":{"start":{"line":113,"column":24},"end":{"line":113,"column":65}},"44":{"start":{"line":114,"column":23},"end":{"line":114,"column":52}},"45":{"start":{"line":115,"column":23},"end":{"line":115,"column":64}},"46":{"start":{"line":117,"column":19},"end":{"line":117,"column":71}},"47":{"start":{"line":119,"column":2},"end":{"line":123,"column":3}},"48":{"start":{"line":120,"column":4},"end":{"line":122,"column":5}},"49":{"start":{"line":125,"column":18},"end":{"line":125,"column":69}},"50":{"start":{"line":126,"column":18},"end":{"line":126,"column":69}},"51":{"start":{"line":128,"column":2},"end":{"line":135,"column":3}},"52":{"start":{"line":129,"column":4},"end":{"line":134,"column":5}},"53":{"start":{"line":137,"column":21},"end":{"line":137,"column":23}},"54":{"start":{"line":138,"column":2},"end":{"line":138,"column":132}},"55":{"start":{"line":138,"column":25},"end":{"line":138,"column":130}},"56":{"start":{"line":139,"column":2},"end":{"line":139,"column":133}},"57":{"start":{"line":139,"column":25},"end":{"line":139,"column":131}},"58":{"start":{"line":140,"column":2},"end":{"line":147,"column":3}},"59":{"start":{"line":151,"column":24},"end":{"line":151,"column":65}},"60":{"start":{"line":152,"column":23},"end":{"line":152,"column":57}},"61":{"start":{"line":153,"column":23},"end":{"line":153,"column":69}},"62":{"start":{"line":155,"column":19},"end":{"line":155,"column":71}},"63":{"start":{"line":157,"column":2},"end":{"line":161,"column":3}},"64":{"start":{"line":158,"column":4},"end":{"line":160,"column":5}},"65":{"start":{"line":163,"column":19},"end":{"line":163,"column":57}},"66":{"start":{"line":164,"column":20},"end":{"line":164,"column":58}},"67":{"start":{"line":166,"column":2},"end":{"line":173,"column":3}},"68":{"start":{"line":167,"column":4},"end":{"line":172,"column":5}},"69":{"start":{"line":175,"column":21},"end":{"line":175,"column":23}},"70":{"start":{"line":176,"column":2},"end":{"line":176,"column":134}},"71":{"start":{"line":176,"column":27},"end":{"line":176,"column":132}},"72":{"start":{"line":177,"column":2},"end":{"line":177,"column":134}},"73":{"start":{"line":177,"column":26},"end":{"line":177,"column":132}},"74":{"start":{"line":178,"column":2},"end":{"line":183,"column":3}},"75":{"start":{"line":187,"column":24},"end":{"line":187,"column":65}},"76":{"start":{"line":188,"column":23},"end":{"line":188,"column":52}},"77":{"start":{"line":189,"column":23},"end":{"line":189,"column":64}},"78":{"start":{"line":190,"column":29},"end":{"line":190,"column":68}},"79":{"start":{"line":191,"column":23},"end":{"line":191,"column":86}},"80":{"start":{"line":193,"column":19},"end":{"line":193,"column":71}},"81":{"start":{"line":195,"column":2},"end":{"line":199,"column":3}},"82":{"start":{"line":196,"column":4},"end":{"line":198,"column":5}},"83":{"start":{"line":201,"column":18},"end":{"line":201,"column":69}},"84":{"start":{"line":202,"column":18},"end":{"line":202,"column":69}},"85":{"start":{"line":203,"column":24},"end":{"line":203,"column":81}},"86":{"start":{"line":204,"column":18},"end":{"line":204,"column":69}},"87":{"start":{"line":206,"column":2},"end":{"line":215,"column":3}},"88":{"start":{"line":207,"column":4},"end":{"line":214,"column":5}},"89":{"start":{"line":217,"column":21},"end":{"line":217,"column":23}},"90":{"start":{"line":218,"column":2},"end":{"line":218,"column":132}},"91":{"start":{"line":218,"column":25},"end":{"line":218,"column":130}},"92":{"start":{"line":219,"column":2},"end":{"line":219,"column":133}},"93":{"start":{"line":219,"column":25},"end":{"line":219,"column":131}},"94":{"start":{"line":220,"column":2},"end":{"line":220,"column":135}},"95":{"start":{"line":220,"column":31},"end":{"line":220,"column":133}},"96":{"start":{"line":221,"column":2},"end":{"line":221,"column":123}},"97":{"start":{"line":221,"column":25},"end":{"line":221,"column":121}},"98":{"start":{"line":222,"column":2},"end":{"line":227,"column":3}},"99":{"start":{"line":231,"column":23},"end":{"line":231,"column":59}},"100":{"start":{"line":233,"column":28},"end":{"line":233,"column":82}},"101":{"start":{"line":234,"column":29},"end":{"line":234,"column":98}},"102":{"start":{"line":237,"column":23},"end":{"line":237,"column":63}},"103":{"start":{"line":238,"column":24},"end":{"line":238,"column":65}},"104":{"start":{"line":240,"column":30},"end":{"line":240,"column":60}},"105":{"start":{"line":242,"column":2},"end":{"line":246,"column":3}},"106":{"start":{"line":243,"column":4},"end":{"line":245,"column":5}},"107":{"start":{"line":248,"column":2},"end":{"line":254,"column":3}},"108":{"start":{"line":249,"column":4},"end":{"line":253,"column":5}},"109":{"start":{"line":256,"column":21},"end":{"line":256,"column":23}},"110":{"start":{"line":258,"column":2},"end":{"line":258,"column":144}},"111":{"start":{"line":258,"column":30},"end":{"line":258,"column":142}},"112":{"start":{"line":259,"column":2},"end":{"line":259,"column":146}},"113":{"start":{"line":259,"column":31},"end":{"line":259,"column":144}},"114":{"start":{"line":260,"column":2},"end":{"line":264,"column":3}},"115":{"start":{"line":268,"column":24},"end":{"line":268,"column":61}},"116":{"start":{"line":269,"column":28},"end":{"line":269,"column":82}},"117":{"start":{"line":270,"column":29},"end":{"line":270,"column":98}},"118":{"start":{"line":272,"column":19},"end":{"line":272,"column":71}},"119":{"start":{"line":274,"column":2},"end":{"line":278,"column":3}},"120":{"start":{"line":275,"column":4},"end":{"line":277,"column":5}},"121":{"start":{"line":280,"column":24},"end":{"line":280,"column":67}},"122":{"start":{"line":281,"column":24},"end":{"line":281,"column":68}},"123":{"start":{"line":283,"column":2},"end":{"line":290,"column":3}},"124":{"start":{"line":284,"column":4},"end":{"line":289,"column":5}},"125":{"start":{"line":292,"column":21},"end":{"line":292,"column":23}},"126":{"start":{"line":294,"column":2},"end":{"line":294,"column":145}},"127":{"start":{"line":294,"column":31},"end":{"line":294,"column":143}},"128":{"start":{"line":295,"column":2},"end":{"line":295,"column":146}},"129":{"start":{"line":295,"column":31},"end":{"line":295,"column":144}},"130":{"start":{"line":296,"column":2},"end":{"line":301,"column":3}},"131":{"start":{"line":305,"column":23},"end":{"line":305,"column":73}},"132":{"start":{"line":306,"column":27},"end":{"line":306,"column":81}},"133":{"start":{"line":307,"column":29},"end":{"line":307,"column":72}},"134":{"start":{"line":308,"column":21},"end":{"line":308,"column":75}},"135":{"start":{"line":310,"column":22},"end":{"line":310,"column":73}},"136":{"start":{"line":311,"column":22},"end":{"line":311,"column":67}},"137":{"start":{"line":312,"column":24},"end":{"line":312,"column":71}},"138":{"start":{"line":313,"column":19},"end":{"line":313,"column":58}},"139":{"start":{"line":315,"column":2},"end":{"line":322,"column":3}},"140":{"start":{"line":316,"column":4},"end":{"line":321,"column":5}},"141":{"start":{"line":324,"column":21},"end":{"line":324,"column":23}},"142":{"start":{"line":325,"column":2},"end":{"line":325,"column":153}},"143":{"start":{"line":325,"column":29},"end":{"line":325,"column":151}},"144":{"start":{"line":326,"column":2},"end":{"line":326,"column":146}},"145":{"start":{"line":326,"column":31},"end":{"line":326,"column":144}},"146":{"start":{"line":327,"column":2},"end":{"line":327,"column":150}},"147":{"start":{"line":327,"column":26},"end":{"line":327,"column":148}},"148":{"start":{"line":328,"column":2},"end":{"line":333,"column":3}},"149":{"start":{"line":337,"column":28},"end":{"line":337,"column":108}},"150":{"start":{"line":338,"column":27},"end":{"line":338,"column":77}},"151":{"start":{"line":340,"column":23},"end":{"line":340,"column":79}},"152":{"start":{"line":341,"column":17},"end":{"line":341,"column":62}},"153":{"start":{"line":343,"column":2},"end":{"line":352,"column":3}},"154":{"start":{"line":344,"column":4},"end":{"line":346,"column":5}},"155":{"start":{"line":348,"column":4},"end":{"line":351,"column":5}},"156":{"start":{"line":356,"column":24},"end":{"line":356,"column":64}},"157":{"start":{"line":357,"column":29},"end":{"line":357,"column":77}},"158":{"start":{"line":358,"column":29},"end":{"line":358,"column":66}},"159":{"start":{"line":359,"column":33},"end":{"line":359,"column":88}},"160":{"start":{"line":361,"column":19},"end":{"line":361,"column":71}},"161":{"start":{"line":363,"column":2},"end":{"line":367,"column":3}},"162":{"start":{"line":364,"column":4},"end":{"line":366,"column":5}},"163":{"start":{"line":369,"column":24},"end":{"line":369,"column":81}},"164":{"start":{"line":370,"column":24},"end":{"line":370,"column":81}},"165":{"start":{"line":371,"column":28},"end":{"line":371,"column":89}},"166":{"start":{"line":373,"column":2},"end":{"line":382,"column":3}},"167":{"start":{"line":374,"column":4},"end":{"line":381,"column":5}},"168":{"start":{"line":384,"column":21},"end":{"line":384,"column":23}},"169":{"start":{"line":385,"column":2},"end":{"line":385,"column":145}},"170":{"start":{"line":385,"column":31},"end":{"line":385,"column":143}},"171":{"start":{"line":386,"column":2},"end":{"line":386,"column":136}},"172":{"start":{"line":386,"column":31},"end":{"line":386,"column":134}},"173":{"start":{"line":387,"column":2},"end":{"line":387,"column":143}},"174":{"start":{"line":387,"column":35},"end":{"line":387,"column":141}},"175":{"start":{"line":388,"column":2},"end":{"line":393,"column":3}},"176":{"start":{"line":397,"column":23},"end":{"line":397,"column":81}},"177":{"start":{"line":398,"column":23},"end":{"line":398,"column":100}},"178":{"start":{"line":400,"column":18},"end":{"line":400,"column":69}},"179":{"start":{"line":401,"column":2},"end":{"line":405,"column":3}},"180":{"start":{"line":402,"column":4},"end":{"line":404,"column":5}},"181":{"start":{"line":407,"column":28},"end":{"line":407,"column":79}},"182":{"start":{"line":408,"column":2},"end":{"line":414,"column":3}},"183":{"start":{"line":409,"column":4},"end":{"line":413,"column":5}},"184":{"start":{"line":416,"column":21},"end":{"line":416,"column":23}},"185":{"start":{"line":417,"column":2},"end":{"line":417,"column":143}},"186":{"start":{"line":417,"column":35},"end":{"line":417,"column":141}},"187":{"start":{"line":418,"column":2},"end":{"line":423,"column":3}},"188":{"start":{"line":426,"column":0},"end":{"line":426,"column":31}},"189":{"start":{"line":427,"column":0},"end":{"line":427,"column":49}},"190":{"start":{"line":428,"column":0},"end":{"line":428,"column":65}},"191":{"start":{"line":429,"column":0},"end":{"line":429,"column":63}},"192":{"start":{"line":430,"column":0},"end":{"line":430,"column":57}},"193":{"start":{"line":431,"column":0},"end":{"line":431,"column":49}},"194":{"start":{"line":432,"column":0},"end":{"line":432,"column":93}},"195":{"start":{"line":433,"column":0},"end":{"line":433,"column":85}},"196":{"start":{"line":434,"column":0},"end":{"line":434,"column":69}},"197":{"start":{"line":435,"column":0},"end":{"line":435,"column":49}},"198":{"start":{"line":436,"column":0},"end":{"line":436,"column":61}}},"fnMap":{"0":{"name":"parseOtherInfoIssue","decl":{"start":{"line":6,"column":9},"end":{"line":6,"column":28}},"loc":{"start":{"line":6,"column":43},"end":{"line":35,"column":1}},"line":6},"1":{"name":"parseIssue","decl":{"start":{"line":37,"column":9},"end":{"line":37,"column":19}},"loc":{"start":{"line":37,"column":51},"end":{"line":110,"column":1}},"line":37},"2":{"name":"parseApproveComment","decl":{"start":{"line":112,"column":9},"end":{"line":112,"column":28}},"loc":{"start":{"line":112,"column":45},"end":{"line":148,"column":1}},"line":112},"3":{"name":"parseMultipleApproveComment","decl":{"start":{"line":150,"column":9},"end":{"line":150,"column":36}},"loc":{"start":{"line":150,"column":53},"end":{"line":184,"column":1}},"line":150},"4":{"name":"parseApprovedRequestWithSignerAddress","decl":{"start":{"line":186,"column":9},"end":{"line":186,"column":46}},"loc":{"start":{"line":186,"column":63},"end":{"line":228,"column":1}},"line":186},"5":{"name":"ldnv3TriggerCommentParser","decl":{"start":{"line":230,"column":9},"end":{"line":230,"column":34}},"loc":{"start":{"line":230,"column":48},"end":{"line":265,"column":1}},"line":230},"6":{"name":"parseMultisigNotaryRequest","decl":{"start":{"line":267,"column":9},"end":{"line":267,"column":35}},"loc":{"start":{"line":267,"column":52},"end":{"line":302,"column":1}},"line":267},"7":{"name":"parseMultisigReconnectComment","decl":{"start":{"line":304,"column":9},"end":{"line":304,"column":38}},"loc":{"start":{"line":304,"column":55},"end":{"line":334,"column":1}},"line":304},"8":{"name":"parseNotaryConfirmation","decl":{"start":{"line":336,"column":9},"end":{"line":336,"column":32}},"loc":{"start":{"line":336,"column":56},"end":{"line":353,"column":1}},"line":336},"9":{"name":"parseReleaseRequest","decl":{"start":{"line":355,"column":9},"end":{"line":355,"column":28}},"loc":{"start":{"line":355,"column":45},"end":{"line":394,"column":1}},"line":355},"10":{"name":"parseWeeklyDataCapAllocationUpdateRequest","decl":{"start":{"line":396,"column":9},"end":{"line":396,"column":50}},"loc":{"start":{"line":396,"column":67},"end":{"line":424,"column":1}},"line":396}},"branchMap":{"0":{"loc":{"start":{"line":37,"column":34},"end":{"line":37,"column":49}},"type":"default-arg","locations":[{"start":{"line":37,"column":47},"end":{"line":37,"column":49}}],"line":37},"1":{"loc":{"start":{"line":58,"column":2},"end":{"line":73,"column":3}},"type":"if","locations":[{"start":{"line":58,"column":2},"end":{"line":73,"column":3}},{"start":{},"end":{}}],"line":58},"2":{"loc":{"start":{"line":58,"column":6},"end":{"line":58,"column":79}},"type":"binary-expr","locations":[{"start":{"line":58,"column":6},"end":{"line":58,"column":10}},{"start":{"line":58,"column":14},"end":{"line":58,"column":21}},{"start":{"line":58,"column":25},"end":{"line":58,"column":41}},{"start":{"line":58,"column":45},"end":{"line":58,"column":52}},{"start":{"line":58,"column":56},"end":{"line":58,"column":79}}],"line":58},"3":{"loc":{"start":{"line":75,"column":2},"end":{"line":91,"column":3}},"type":"if","locations":[{"start":{"line":75,"column":2},"end":{"line":91,"column":3}},{"start":{},"end":{}}],"line":75},"4":{"loc":{"start":{"line":77,"column":4},"end":{"line":90,"column":5}},"type":"if","locations":[{"start":{"line":77,"column":4},"end":{"line":90,"column":5}},{"start":{},"end":{}}],"line":77},"5":{"loc":{"start":{"line":94,"column":2},"end":{"line":94,"column":96}},"type":"if","locations":[{"start":{"line":94,"column":2},"end":{"line":94,"column":96}},{"start":{},"end":{}}],"line":94},"6":{"loc":{"start":{"line":95,"column":2},"end":{"line":95,"column":111}},"type":"if","locations":[{"start":{"line":95,"column":2},"end":{"line":95,"column":111}},{"start":{},"end":{}}],"line":95},"7":{"loc":{"start":{"line":96,"column":2},"end":{"line":96,"column":120}},"type":"if","locations":[{"start":{"line":96,"column":2},"end":{"line":96,"column":120}},{"start":{},"end":{}}],"line":96},"8":{"loc":{"start":{"line":97,"column":2},"end":{"line":97,"column":123}},"type":"if","locations":[{"start":{"line":97,"column":2},"end":{"line":97,"column":123}},{"start":{},"end":{}}],"line":97},"9":{"loc":{"start":{"line":98,"column":2},"end":{"line":98,"column":144}},"type":"if","locations":[{"start":{"line":98,"column":2},"end":{"line":98,"column":144}},{"start":{},"end":{}}],"line":98},"10":{"loc":{"start":{"line":99,"column":2},"end":{"line":99,"column":99}},"type":"if","locations":[{"start":{"line":99,"column":2},"end":{"line":99,"column":99}},{"start":{},"end":{}}],"line":99},"11":{"loc":{"start":{"line":119,"column":2},"end":{"line":123,"column":3}},"type":"if","locations":[{"start":{"line":119,"column":2},"end":{"line":123,"column":3}},{"start":{},"end":{}}],"line":119},"12":{"loc":{"start":{"line":128,"column":2},"end":{"line":135,"column":3}},"type":"if","locations":[{"start":{"line":128,"column":2},"end":{"line":135,"column":3}},{"start":{},"end":{}}],"line":128},"13":{"loc":{"start":{"line":128,"column":6},"end":{"line":128,"column":40}},"type":"binary-expr","locations":[{"start":{"line":128,"column":6},"end":{"line":128,"column":21}},{"start":{"line":128,"column":25},"end":{"line":128,"column":40}}],"line":128},"14":{"loc":{"start":{"line":138,"column":2},"end":{"line":138,"column":132}},"type":"if","locations":[{"start":{"line":138,"column":2},"end":{"line":138,"column":132}},{"start":{},"end":{}}],"line":138},"15":{"loc":{"start":{"line":139,"column":2},"end":{"line":139,"column":133}},"type":"if","locations":[{"start":{"line":139,"column":2},"end":{"line":139,"column":133}},{"start":{},"end":{}}],"line":139},"16":{"loc":{"start":{"line":157,"column":2},"end":{"line":161,"column":3}},"type":"if","locations":[{"start":{"line":157,"column":2},"end":{"line":161,"column":3}},{"start":{},"end":{}}],"line":157},"17":{"loc":{"start":{"line":166,"column":2},"end":{"line":173,"column":3}},"type":"if","locations":[{"start":{"line":166,"column":2},"end":{"line":173,"column":3}},{"start":{},"end":{}}],"line":166},"18":{"loc":{"start":{"line":166,"column":6},"end":{"line":166,"column":43}},"type":"binary-expr","locations":[{"start":{"line":166,"column":6},"end":{"line":166,"column":23}},{"start":{"line":166,"column":27},"end":{"line":166,"column":43}}],"line":166},"19":{"loc":{"start":{"line":176,"column":2},"end":{"line":176,"column":134}},"type":"if","locations":[{"start":{"line":176,"column":2},"end":{"line":176,"column":134}},{"start":{},"end":{}}],"line":176},"20":{"loc":{"start":{"line":177,"column":2},"end":{"line":177,"column":134}},"type":"if","locations":[{"start":{"line":177,"column":2},"end":{"line":177,"column":134}},{"start":{},"end":{}}],"line":177},"21":{"loc":{"start":{"line":195,"column":2},"end":{"line":199,"column":3}},"type":"if","locations":[{"start":{"line":195,"column":2},"end":{"line":199,"column":3}},{"start":{},"end":{}}],"line":195},"22":{"loc":{"start":{"line":206,"column":2},"end":{"line":215,"column":3}},"type":"if","locations":[{"start":{"line":206,"column":2},"end":{"line":215,"column":3}},{"start":{},"end":{}}],"line":206},"23":{"loc":{"start":{"line":206,"column":6},"end":{"line":206,"column":84}},"type":"binary-expr","locations":[{"start":{"line":206,"column":6},"end":{"line":206,"column":21}},{"start":{"line":206,"column":25},"end":{"line":206,"column":40}},{"start":{"line":206,"column":44},"end":{"line":206,"column":65}},{"start":{"line":206,"column":69},"end":{"line":206,"column":84}}],"line":206},"24":{"loc":{"start":{"line":218,"column":2},"end":{"line":218,"column":132}},"type":"if","locations":[{"start":{"line":218,"column":2},"end":{"line":218,"column":132}},{"start":{},"end":{}}],"line":218},"25":{"loc":{"start":{"line":219,"column":2},"end":{"line":219,"column":133}},"type":"if","locations":[{"start":{"line":219,"column":2},"end":{"line":219,"column":133}},{"start":{},"end":{}}],"line":219},"26":{"loc":{"start":{"line":220,"column":2},"end":{"line":220,"column":135}},"type":"if","locations":[{"start":{"line":220,"column":2},"end":{"line":220,"column":135}},{"start":{},"end":{}}],"line":220},"27":{"loc":{"start":{"line":221,"column":2},"end":{"line":221,"column":123}},"type":"if","locations":[{"start":{"line":221,"column":2},"end":{"line":221,"column":123}},{"start":{},"end":{}}],"line":221},"28":{"loc":{"start":{"line":242,"column":2},"end":{"line":246,"column":3}},"type":"if","locations":[{"start":{"line":242,"column":2},"end":{"line":246,"column":3}},{"start":{},"end":{}}],"line":242},"29":{"loc":{"start":{"line":248,"column":2},"end":{"line":254,"column":3}},"type":"if","locations":[{"start":{"line":248,"column":2},"end":{"line":254,"column":3}},{"start":{},"end":{}}],"line":248},"30":{"loc":{"start":{"line":248,"column":6},"end":{"line":248,"column":35}},"type":"binary-expr","locations":[{"start":{"line":248,"column":6},"end":{"line":248,"column":18}},{"start":{"line":248,"column":22},"end":{"line":248,"column":35}}],"line":248},"31":{"loc":{"start":{"line":258,"column":2},"end":{"line":258,"column":144}},"type":"if","locations":[{"start":{"line":258,"column":2},"end":{"line":258,"column":144}},{"start":{},"end":{}}],"line":258},"32":{"loc":{"start":{"line":259,
[...]
:{"loc":{"start":{"line":283,"column":6},"end":{"line":283,"column":44}},"type":"binary-expr","locations":[{"start":{"line":283,"column":6},"end":{"line":283,"column":27}},{"start":{"line":283,"column":31},"end":{"line":283,"column":44}}],"line":283},"36":{"loc":{"start":{"line":294,"column":2},"end":{"line":294,"column":145}},"type":"if","locations":[{"start":{"line":294,"column":2},"end":{"line":294,"column":145}},{"start":{},"end":{}}],"line":294},"37":{"loc":{"start":{"line":295,"column":2},"end":{"line":295,"column":146}},"type":"if","locations":[{"start":{"line":295,"column":2},"end":{"line":295,"column":146}},{"start":{},"end":{}}],"line":295},"38":{"loc":{"start":{"line":315,"column":2},"end":{"line":322,"column":3}},"type":"if","locations":[{"start":{"line":315,"column":2},"end":{"line":322,"column":3}},{"start":{},"end":{}}],"line":315},"39":{"loc":{"start":{"line":315,"column":6},"end":{"line":315,"column":44}},"type":"binary-expr","locations":[{"start":{"line":315,"column":6},"end":{"line":315,"column":17}},{"start":{"line":315,"column":21},"end":{"line":315,"column":32}},{"start":{"line":315,"column":36},"end":{"line":315,"column":44}}],"line":315},"40":{"loc":{"start":{"line":325,"column":2},"end":{"line":325,"column":153}},"type":"if","locations":[{"start":{"line":325,"column":2},"end":{"line":325,"column":153}},{"start":{},"end":{}}],"line":325},"41":{"loc":{"start":{"line":326,"column":2},"end":{"line":326,"column":146}},"type":"if","locations":[{"start":{"line":326,"column":2},"end":{"line":326,"column":146}},{"start":{},"end":{}}],"line":326},"42":{"loc":{"start":{"line":327,"column":2},"end":{"line":327,"column":150}},"type":"if","locations":[{"start":{"line":327,"column":2},"end":{"line":327,"column":150}},{"start":{},"end":{}}],"line":327},"43":{"loc":{"start":{"line":343,"column":2},"end":{"line":352,"column":3}},"type":"if","locations":[{"start":{"line":343,"column":2},"end":{"line":352,"column":3}},{"start":{"line":347,"column":9},"end":{"line":352,"column":3}}],"line":343},"44":{"loc":{"start":{"line":363,"column":2},"end":{"line":367,"column":3}},"type":"if","locations":[{"start":{"line":363,"column":2},"end":{"line":367,"column":3}},{"start":{},"end":{}}],"line":363},"45":{"loc":{"start":{"line":373,"column":2},"end":{"line":382,"column":3}},"type":"if","locations":[{"start":{"line":373,"column":2},"end":{"line":382,"column":3}},{"start":{},"end":{}}],"line":373},"46":{"loc":{"start":{"line":373,"column":6},"end":{"line":373,"column":81}},"type":"binary-expr","locations":[{"start":{"line":373,"column":6},"end":{"line":373,"column":27}},{"start":{"line":373,"column":31},"end":{"line":373,"column":52}},{"start":{"line":373,"column":56},"end":{"line":373,"column":81}}],"line":373},"47":{"loc":{"start":{"line":385,"column":2},"end":{"line":385,"column":145}},"type":"if","locations":[{"start":{"line":385,"column":2},"end":{"line":385,"column":145}},{"start":{},"end":{}}],"line":385},"48":{"loc":{"start":{"line":386,"column":2},"end":{"line":386,"column":136}},"type":"if","locations":[{"start":{"line":386,"column":2},"end":{"line":386,"column":136}},{"start":{},"end":{}}],"line":386},"49":{"loc":{"start":{"line":387,"column":2},"end":{"line":387,"column":143}},"type":"if","locations":[{"start":{"line":387,"column":2},"end":{"line":387,"column":143}},{"start":{},"end":{}}],"line":387},"50":{"loc":{"start":{"line":401,"column":2},"end":{"line":405,"column":3}},"type":"if","locations":[{"start":{"line":401,"column":2},"end":{"line":405,"column":3}},{"start":{},"end":{}}],"line":401},"51":{"loc":{"start":{"line":408,"column":2},"end":{"line":414,"column":3}},"type":"if","locations":[{"start":{"line":408,"column":2},"end":{"line":414,"column":3}},{"start":{},"end":{}}],"line":408},"52":{"loc":{"start":{"line":417,"column":2},"end":{"line":417,"column":143}},"type":"if","locations":[{"start":{"line":417,"column":2},"end":{"line":417,"column":143}},{"start":{},"end":{}}],"line":417}},"s":{"0":1,"1":1,"2":1,"3":1,"4":14,"5":1,"6":9,"7":9,"8":9,"9":9,"10":9,"11":9,"12":9,"13":9,"14":9,"15":9,"16":9,"17":9,"18":9,"19":9,"20":9,"21":9,"22":9,"23":9,"24":2,"25":7,"26":1,"27":1,"28":1,"29":6,"30":6,"31":6,"32":6,"33":6,"34":6,"35":6,"36":6,"37":6,"38":6,"39":6,"40":6,"41":6,"42":6,"43":2,"44":2,"45":2,"46":2,"47":2,"48":0,"49":2,"50":2,"51":2,"52":2,"53":0,"54":0,"55":0,"56":0,"57":0,"58":0,"59":2,"60":2,"61":2,"62":2,"63":2,"64":0,"65":2,"66":2,"67":2,"68":2,"69":0,"70":0,"71":0,"72":0,"73":0,"74":0,"75":2,"76":2,"77":2,"78":2,"79":2,"80":2,"81":2,"82":0,"83":2,"84":2,"85":2,"86":2,"87":2,"88":2,"89":0,"90":0,"91":0,"92":0,"93":0,"94":0,"95":0,"96":0,"97":0,"98":0,"99":0,"100":0,"101":0,"102":0,"103":0,"104":0,"105":0,"106":0,"107":0,"108":0,"109":0,"110":0,"111":0,"112":0,"113":0,"114":0,"115":1,"116":1,"117":1,"118":1,"119":1,"120":0,"121":1,"122":1,"123":1,"124":1,"125":0,"126":0,"127":0,"128":0,"129":0,"130":0,"131":1,"132":1,"133":1,"134":1,"135":1,"136":1,"137":1,"138":1,"139":1,"140":1,"141":0,"142":0,"143":0,"144":0,"145":0,"146":0,"147":0,"148":0,"149":2,"150":2,"151":2,"152":2,"153":2,"154":1,"155":1,"156":1,"157":1,"158":1,"159":1,"160":1,"161":1,"162":0,"163":1,"164":1,"165":1,"166":1,"167":1,"168":0,"169":0,"170":0,"171":0,"172":0,"173":0,"174":0,"175":0,"176":1,"177":1,"178":1,"179":1,"180":0,"181":1,"182":1,"183":1,"184":0,"185":0,"186":0,"187":0,"188":1,"189":1,"190":1,"191":1,"192":1,"193":1,"194":1,"195":1,"196":1,"197":1,"198":1},"f":{"0":1,"1":9,"2":2,"3":2,"4":2,"5":0,"6":1,"7":1,"8":2,"9":1,"10":1},"b":{"0":[8],"1":[2,7],"2":[9,2,2,2,2],"3":[1,6],"4":[1,0],"5":[6,0],"6":[6,0],"7":[6,0],"8":[6,0],"9":[6,0],"10":[6,0],"11":[0,2],"12":[2,0],"13":[2,2],"14":[0,0],"15":[0,0],"16":[0,2],"17":[2,0],"18":[2,2],"19":[0,0],"20":[0,0],"21":[0,2],"22":[2,0],"23":[2,2,2,2],"24":[0,0],"25":[0,0],"26":[0,0],"27":[0,0],"28":[0,0],"29":[0,0],"30":[0,0],"31":[0,0],"32":[0,0],"33":[0,1],"34":[1,0],"35":[1,1],"36":[0,0],"37":[0,0],"38":[1,0],"39":[1,1,1],"40":[0,0],"41":[0,0],"42":[0,0],"43":[1,1],"44":[0,1],"45":[1,0],"46":[1,1,1],"47":[0,0],"48":[0,0],"49":[0,0],"50":[0,1],"51":[1,0],"52":[0,0]},"_coverageSchema":"1a1c01bbd47fc00a2c39e90264f33305004495a9","hash":"ffc77f64c7a6ad0ddf82b305f5fc976da8b4bc87"}
,"/Users/fabri/keyko/filecoin-auto-datacap-allocation-bot/deps/filecoin-verifier-tools/utils/notary-issue-parser.js": {"path":"/Users/fabri/keyko/filecoin-auto-datacap-allocation-bot/deps/filecoin-verifier-tools/utils/notary-issue-parser.js","statementMap":{"0":{"start":{"line":4,"column":4},"end":{"line":4,"column":29}},"1":{"start":{"line":7,"column":19},"end":{"line":11,"column":3}},"2":{"start":{"line":13,"column":2},"end":{"line":19,"column":3}},"3":{"start":{"line":14,"column":20},"end":{"line":14,"column":70}},"4":{"start":{"line":16,"column":4},"end":{"line":18,"column":5}},"5":{"start":{"line":17,"column":6},"end":{"line":17,"column":20}},"6":{"start":{"line":20,"column":2},"end":{"line":20,"column":14}},"7":{"start":{"line":24,"column":20},"end":{"line":24,"column":39}},"8":{"start":{"line":26,"column":23},"end":{"line":26,"column":85}},"9":{"start":{"line":27,"column":24},"end":{"line":27,"column":80}},"10":{"start":{"line":28,"column":34},"end":{"line":28,"column":126}},"11":{"start":{"line":29,"column":22},"end":{"line":29,"column":60}},"12":{"start":{"line":30,"column":24},"end":{"line":30,"column":76}},"13":{"start":{"line":31,"column":32},"end":{"line":31,"column":106}},"14":{"start":{"line":33,"column":29},"end":{"line":33,"column":69}},"15":{"start":{"line":35,"column":15},"end":{"line":35,"column":61}},"16":{"start":{"line":37,"column":18},"end":{"line":37,"column":67}},"17":{"start":{"line":38,"column":29},"end":{"line":38,"column":89}},"18":{"start":{"line":39,"column":30},"end":{"line":39,"column":80}},"19":{"start":{"line":40,"column":27},"end":{"line":40,"column":85}},"20":{"start":{"line":41,"column":17},"end":{"line":41,"column":65}},"21":{"start":{"line":42,"column":19},"end":{"line":42,"column":69}},"22":{"start":{"line":44,"column":2},"end":{"line":59,"column":3}},"23":{"start":{"line":46,"column":4},"end":{"line":58,"column":5}},"24":{"start":{"line":61,"column":2},"end":{"line":77,"column":3}},"25":{"start":{"line":62,"column":27},"end":{"line":62,"column":80}},"26":{"start":{"line":63,"column":4},"end":{"line":76,"column":5}},"27":{"start":{"line":64,"column":6},"end":{"line":75,"column":7}},"28":{"start":{"line":79,"column":21},"end":{"line":79,"column":23}},"29":{"start":{"line":80,"column":2},"end":{"line":80,"column":103}},"30":{"start":{"line":80,"column":22},"end":{"line":80,"column":101}},"31":{"start":{"line":81,"column":2},"end":{"line":81,"column":134}},"32":{"start":{"line":81,"column":41},"end":{"line":81,"column":132}},"33":{"start":{"line":82,"column":2},"end":{"line":82,"column":127}},"34":{"start":{"line":82,"column":34},"end":{"line":82,"column":125}},"35":{"start":{"line":84,"column":2},"end":{"line":84,"column":106}},"36":{"start":{"line":84,"column":24},"end":{"line":84,"column":104}},"37":{"start":{"line":85,"column":2},"end":{"line":85,"column":110}},"38":{"start":{"line":85,"column":26},"end":{"line":85,"column":108}},"39":{"start":{"line":87,"column":2},"end":{"line":97,"column":3}},"40":{"start":{"line":111,"column":24},"end":{"line":111,"column":50}},"41":{"start":{"line":112,"column":23},"end":{"line":112,"column":52}},"42":{"start":{"line":113,"column":23},"end":{"line":113,"column":64}},"43":{"start":{"line":115,"column":19},"end":{"line":115,"column":71}},"44":{"start":{"line":117,"column":2},"end":{"line":121,"column":3}},"45":{"start":{"line":118,"column":4},"end":{"line":120,"column":5}},"46":{"start":{"line":123,"column":18},"end":{"line":123,"column":69}},"47":{"start":{"line":124,"column":18},"end":{"line":124,"column":69}},"48":{"start":{"line":126,"column":2},"end":{"line":133,"column":3}},"49":{"start":{"line":127,"column":4},"end":{"line":132,"column":5}},"50":{"start":{"line":135,"column":21},"end":{"line":135,"column":23}},"51":{"start":{"line":136,"column":2},"end":{"line":136,"column":132}},"52":{"start":{"line":136,"column":25},"end":{"line":136,"column":130}},"53":{"start":{"line":137,"column":2},"end":{"line":137,"column":133}},"54":{"start":{"line":137,"column":25},"end":{"line":137,"column":131}},"55":{"start":{"line":138,"column":2},"end":{"line":145,"column":3}},"56":{"start":{"line":157,"column":24},"end":{"line":157,"column":50}},"57":{"start":{"line":158,"column":23},"end":{"line":158,"column":57}},"58":{"start":{"line":159,"column":23},"end":{"line":159,"column":69}},"59":{"start":{"line":161,"column":19},"end":{"line":161,"column":71}},"60":{"start":{"line":163,"column":2},"end":{"line":167,"column":3}},"61":{"start":{"line":164,"column":4},"end":{"line":166,"column":5}},"62":{"start":{"line":169,"column":19},"end":{"line":169,"column":57}},"63":{"start":{"line":170,"column":20},"end":{"line":170,"column":58}},"64":{"start":{"line":172,"column":2},"end":{"line":179,"column":3}},"65":{"start":{"line":173,"column":4},"end":{"line":178,"column":5}},"66":{"start":{"line":181,"column":21},"end":{"line":181,"column":23}},"67":{"start":{"line":182,"column":2},"end":{"line":182,"column":134}},"68":{"start":{"line":182,"column":27},"end":{"line":182,"column":132}},"69":{"start":{"line":183,"column":2},"end":{"line":183,"column":134}},"70":{"start":{"line":183,"column":26},"end":{"line":183,"column":132}},"71":{"start":{"line":184,"column":2},"end":{"line":189,"column":3}},"72":{"start":{"line":193,"column":24},"end":{"line":193,"column":58}},"73":{"start":{"line":196,"column":19},"end":{"line":196,"column":71}},"74":{"start":{"line":200,"column":2},"end":{"line":205,"column":3}},"75":{"start":{"line":201,"column":4},"end":{"line":204,"column":5}},"76":{"start":{"line":207,"column":21},"end":{"line":207,"column":23}},"77":{"start":{"line":208,"column":2},"end":{"line":208,"column":66}},"78":{"start":{"line":208,"column":19},"end":{"line":208,"column":64}},"79":{"start":{"line":210,"column":2},"end":{"line":214,"column":3}},"80":{"start":{"line":217,"column":0},"end":{"line":217,"column":31}},"81":{"start":{"line":218,"column":0},"end":{"line":218,"column":49}},"82":{"start":{"line":219,"column":0},"end":{"line":219,"column":65}},"83":{"start":{"line":220,"column":0},"end":{"line":220,"column":75}},"84":{"start":{"line":221,"column":0},"end":{"line":221,"column":47}}},"fnMap":{"0":{"name":"parseNotaryAddress","decl":{"start":{"line":6,"column":9},"end":{"line":6,"column":27}},"loc":{"start":{"line":6,"column":42},"end":{"line":21,"column":1}},"line":6},"1":{"name":"parseIssue","decl":{"start":{"line":23,"column":9},"end":{"line":23,"column":19}},"loc":{"start":{"line":23,"column":51},"end":{"line":98,"column":1}},"line":23},"2":{"name":"parseApproveComment","decl":{"start":{"line":110,"column":9},"end":{"line":110,"column":28}},"loc":{"start":{"line":110,"column":45},"end":{"line":146,"column":1}},"line":110},"3":{"name":"parseMultipleApproveComment","decl":{"start":{"line":156,"column":9},"end":{"line":156,"column":36}},"loc":{"start":{"line":156,"column":53},"end":{"line":190,"column":1}},"line":156},"4":{"name":"parseNotaryLedgerVerifiedComment","decl":{"start":{"line":192,"column":9},"end":{"line":192,"column":41}},"loc":{"start":{"line":192,"column":58},"end":{"line":215,"column":1}},"line":192}},"branchMap":{"0":{"loc":{"start":{"line":16,"column":4},"end":{"line":18,"column":5}},"type":"if","locations":[{"start":{"line":16,"column":4},"end":{"line":18,"column":5}},{"start":{},"end":{}}],"line":16},"1":{"loc":{"start":{"line":23,"column":34},"end":{"line":23,"column":49}},"type":"default-arg","locations":[{"start":{"line":23,"column":47},"end":{"line":23,"column":49}}],"line":23},"2":{"loc":{"start":{"line":44,"column":2},"end":{"line":59,"column":3}},"type":"if","locations":[{"start":{"line":44,"column":2},"end":{"line":59,"column":3}},{"start":{},"end":{}}],"line":44},"3":{"loc":{"start":{"line":44,"column":6},"end":{"line":44,"column":142}},"type":"binary-expr","locations":[{"start":{"line":44,"column":6},"end":{"line":44,"column":18}},{"start":{"line":44,"column":23},"end":{"line":44,"column":30}},{"start":{"line":44,"column":34},"end":{"line":44,"column":52}},{"start":{"line":44,"column":56},"end":{"line":44,"column":75}},{"start":{"line":44,"column":80},"end":{"line":44,"column":104}},{"start":{"line":44,"column":108},"end":{"line":44,"column":122}},{"start":{"line":44,"column":126},"end":{"line":44,"column":142}}],"line":44},"4":{"loc":{"start":{"line":51,"column":15},"end":{"line":51,"column":69}},"type":"binary-expr","locations":[{"start":{"line":51,"column":15},"end":{"line":51,"column":22}},{"start":{"line":51,"column":27},"end":{"line":51,"column":45}},{"start":{"line":51,"column":49},"end":{"line":51,"column":68}}],"line":51},"5":{"loc":{"start":{"line":61,"column":2},"end":{"line":77,"column":3}},"type":"if","locations":[{"start":{"line":61,"column":2},"end":{"line":77,"column":3}},{"start":{},"end":{}}],"line":61},"6":{"loc":{"start":{"line":63,"column":4},"end":{"line":76,"column":5}},"type":"if","locations":[{"start":{"line":63,"column":4},"end":{"line":76,"column":5}},{"start":{},"end":{}}],"line":63},"7":{"loc":{"start":{"line":80,"column":2},"end":{"line":80,"column":103}},"type":"if","locations":[{"start":{"line":80,"column":2},"end":{"line":80,"column":103}},{"start":{},"end":{}}],"line":80},"8":{"loc":{"start":{"line":81,"column":2},"end":{"line":81,"column":134}},"type":"if","locations":[{"start":{"line":81,"column":2},"end":{"line":81,"column":134}},{"start":{},"end":{}}],"line":81},"9":{"loc":{"start":{"line":81,"column":6},"end":{"line":81,"column":37}},"type":"binary-expr","locations":[{"start":{"line":81,"column":6},"end":{"line":81,"column":14}},{"start":{"line":81,"column":18},"end":{"line":81,"column":37}}],"line":81},"10":{"loc":{"start":{"line":82,"column":2},"end":{"line":82,"column":127}},"type":"if","locations":[{"start":{"line":82,"column":2},"end":{"line":82,"column":127}},{"start":{},"end":{}}],"line":82},"11":{"loc":{"start":{"line":84,"column":2},"end":{"line":84,"column":106}},"type":"if","locations":[{"start":{"line":84,"column":2},"end":{"line":84,"column":106}},{"start":{},"end":{}}],"line":84},"12":{"loc":{"start":{"line":85,"column":2},"end":{"line":85,"column":110}},"type":"if","locations":[{"start":{"line":85,"column":2},"end":{"line":85,"column":110}},{"start":{},"end":{}}],"line":85},"13":{"loc":{"start":{"line":117,"column":2},"end":{"line":121,"column":3}},"type":"if","locations":[{"start":{"line":117,"column":2},"end":{"line":121,"column":3}},{"start":{},"end":{}}],"line":117},"14":{"loc":{"start":{"line":126,"column":2},"end":{"line":133,"column":3}},"type":"if","locations":[{"start":{"line":126,"column":2},"end":{"line":133,"column":3}},{"start":{},"end":{}}],"line":126},"15":{"loc":{"start":{"line":126,"column":6},"end":{"line":126,"column":40}},"type":"binary-expr","locations":[{"start":{"line":126,"column":6},"end":{"line":126,"column":21}},{"start":{"line":126,"column":25},"end":{"line":126,"column":40}}],"line":126},"16":{"loc":{"start":{"line":136,"column":2},"end":{"line":136,"column":132}},"type":"if","locations":[{"start":{"line":136,"column":2},"end":{"line":136,"column":132}},{"start":{},"end":{}}],"line":136},"17":{"loc":{"start":{"line":137,"column":2},"end":{"line":137,"column":133}},"type":"if","locations":[{"start":{"line":137,"column":2},"end":{"line":137,"column":133}},{"start":{},"end":{}}],"line":137},"18":{"loc":{"start":{"line":163,"column":2},"end":{"line":167,"column":3}},"type":"if","locations":[{"start":{"line":163,"column":2},"end":{"line":167,"column":3}},{"start":{},"end":{}}],"line":163},"19":{"loc":{"start":{"line":172,"column":2},"end":{"line":179,"column":3}},"type":"if","locations":[{"start":{"line":172,"column":2},"end":{"line":179,"column":3}},{"start":{},"end":{}}],"line":172},"20":{"loc":{"start":{"line":172,"column":6},"end":{"line":172,"column":43}},"type":"binary-expr","locations":[{"start":{"line":172,"column":6},"end":{"line":172,"column":23}},{"start":{"line":172,"column":27},"end":{"line":172,"column":43}}],"line":172},"21":{"loc":{"start":{"line":182,"column":2},"end":{"line":182,"column":134}},"type":"if","locations":[{"start":{"line":182,"column":2},"end":{"line":182,"column":134}},{"start":{},"end":{}}],"line":182},"22":{"loc":{"start":{"line":183,"column":2},"end":{"line":183,"column":134}},"type":"if","locations":[{"start":{"line":183,"column":2},"end":{"line":183,"column":134}},{"start":{},"end":{}}],"line":183},"23":{"loc":{"start":{"line":200,"column":2},"end":{"line":205,"column":3}},"type":"if","locations":[{"start":{"line":200,"column":2},"end":{"line":205,"column":3}},{"start":{},"end":{}}],"line":200},"24":{"loc":{"start":{"line":208,"column":2},"end":{"line":208,"column":66}},"type":"if","locations":[{"start":{"line":208,"column":2},"end":{"line":208,"column":66}},{"start":{},"end":{}}],"line":208}},"s":{"0":1,"1":1,"2":1,"3":3,"4":3,"5":1,"6":0,"7":3,"8":3,"9":3,"10":3,"11":3,"12":3,"13":3,"14":3,"15":3,"16":3,"17":3,"18":3,"19":3,"20":3,"21":3,"22":3,"23":1,"24":2,"25":1,"26":1,"27":1,"28":1,"29":1,"30":1,"31":1,"32":1,"33":1,"34":1,"35":1,"36":1,"37":1,"38":1,"39":1,"40":1,"41":1,"42":1,"43":1,"44":1,"45":0,"46":1,"47":1,"48":1,"49":1,"50":0,"51":0,"52":0,"53":0,"54":0,"55":0,"56":1,"57":1,"58":1,"59":1,"60":1,"61":0,"62":1,"63":1,"64":1,"65":1,"66":0,"67":0,"68":0,"69":0,"70":0,"71":0,"72":1,"73":1,"74":1,"75":1,"76":0,"77":0,"78":0,"79":0,"80":1,"81":1,"82":1,"83":1,"84":1},"f":{"0":1,"1":3,"2":1,"3":1,"4":1},"b":{"0":[1,2],"1":[2],"2":[1,2],"3":[3,1,0,0,1,1,1],"4":[1,0,0],"5":[1,1],"6":[1,0],"7":[1,0],"8":[1,0],"9":[1,1],"10":[1,0],"11":[1,0],"12":[1,0],"13":[0,1],"14":[1,0],"15":[1,1],"16":[0,0],"17":[0,0],"18":[0,1],"19":[1,0],"20":[1,1],"21":[0,0],"22":[0,0],"23":[1,0],"24":[0,0]},"_coverageSchema":"1a1c01bbd47fc00a2c39e90264f33305004495a9","hash":"c9f14be0623a826cb125dc985a1eaec5c73a32be"}
}
