TN:
SF:deps/filecoin-verifier-tools/filecoin/methods.js
FN:10,cborEncode
FN:16,make
FN:17,bytesToAddress
FN:22,addressAsBytes
FN:147,signTx
FN:202,sendTx
FN:208,getReceipt
FN:214,(anonymous_7)
FN:218,getMessage
FN:227,pad
FN:232,encodeBig
FN:237,encodeBigKey
FN:242,encodeSend
FN:255,encodeAddVerifier
FN:264,encodeAddVerifiedClient
FN:273,encodePropose
FN:283,encodeProposalHashdata
FN:287,encodeApprove
FN:298,isType
FN:306,decode
FN:346,(anonymous_20)
FN:350,(anonymous_21)
FN:352,(anonymous_22)
FN:357,(anonymous_23)
FN:359,(anonymous_24)
FN:368,(anonymous_25)
FN:371,(anonymous_26)
FN:401,encode
FN:433,(anonymous_28)
FN:462,actor
FN:465,(anonymous_30)
FN:636,parse
FN:649,buildArrayData
FN:651,(anonymous_33)
FNF:34
FNH:25
FNDA:14,cborEncode
FNDA:2,make
FNDA:7,bytesToAddress
FNDA:7,addressAsBytes
FNDA:0,signTx
FNDA:0,sendTx
FNDA:0,getReceipt
FNDA:0,(anonymous_7)
FNDA:0,getMessage
FNDA:7,pad
FNDA:10,encodeBig
FNDA:1,encodeBigKey
FNDA:0,encodeSend
FNDA:1,encodeAddVerifier
FNDA:3,encodeAddVerifiedClient
FNDA:1,encodePropose
FNDA:1,encodeProposalHashdata
FNDA:1,encodeApprove
FNDA:3,isType
FNDA:90,decode
FNDA:1,(anonymous_20)
FNDA:1,(anonymous_21)
FNDA:1,(anonymous_22)
FNDA:1,(anonymous_23)
FNDA:1,(anonymous_24)
FNDA:4,(anonymous_25)
FNDA:0,(anonymous_26)
FNDA:33,encode
FNDA:1,(anonymous_28)
FNDA:6,actor
FNDA:4,(anonymous_30)
FNDA:3,parse
FNDA:0,buildArrayData
FNDA:0,(anonymous_33)
DA:2,1
DA:3,1
DA:4,1
DA:5,1
DA:6,1
DA:7,1
DA:8,1
DA:11,14
DA:12,14
DA:13,14
DA:18,7
DA:19,7
DA:23,7
DA:148,0
DA:149,0
DA:153,0
DA:170,0
DA:182,0
DA:183,0
DA:184,0
DA:186,0
DA:198,0
DA:203,0
DA:204,0
DA:205,0
DA:209,0
DA:210,0
DA:211,0
DA:212,0
DA:214,0
DA:219,0
DA:220,0
DA:221,0
DA:228,7
DA:229,3
DA:233,10
DA:234,6
DA:238,1
DA:239,1
DA:243,0
DA:251,2
DA:252,2
DA:253,2
DA:256,1
DA:265,3
DA:275,1
DA:284,1
DA:288,1
DA:289,1
DA:290,1
DA:299,3
DA:300,1
DA:301,1
DA:303,1
DA:308,90
DA:309,1
DA:311,89
DA:312,0
DA:314,89
DA:315,6
DA:317,83
DA:318,1
DA:320,82
DA:321,0
DA:323,82
DA:324,14
DA:326,68
DA:327,0
DA:329,68
DA:330,2
DA:332,66
DA:333,39
DA:335,27
DA:336,0
DA:338,27
DA:339,3
DA:341,24
DA:342,0
DA:344,24
DA:345,1
DA:347,1
DA:348,1
DA:351,1
DA:352,1
DA:353,1
DA:355,1
DA:358,1
DA:359,1
DA:360,1
DA:362,1
DA:366,23
DA:367,12
DA:368,4
DA:370,8
DA:371,1
DA:373,7
DA:374,4
DA:376,3
DA:377,3
DA:378,2
DA:379,2
DA:380,4
DA:382,2
DA:384,1
DA:385,1
DA:386,2
DA:388,1
DA:390,11
DA:391,10
DA:392,10
DA:393,10
DA:394,62
DA:396,10
DA:398,1
DA:402,33
DA:403,7
DA:405,26
DA:406,4
DA:408,22
DA:409,0
DA:411,22
DA:412,1
DA:414,21
DA:415,7
DA:417,14
DA:418,2
DA:420,12
DA:421,0
DA:423,12
DA:424,0
DA:426,12
DA:427,1
DA:428,1
DA:429,1
DA:431,11
DA:432,4
DA:433,1
DA:435,3
DA:436,2
DA:438,1
DA:439,1
DA:440,1
DA:441,2
DA:443,1
DA:445,7
DA:446,6
DA:447,6
DA:448,6
DA:450,19
DA:451,10
DA:453,9
DA:455,19
DA:457,6
DA:459,1
DA:463,6
DA:464,6
DA:465,22
DA:467,4
DA:468,3
DA:470,1
DA:473,4
DA:481,6
DA:484,2
DA:555,2
DA:565,2
DA:572,2
DA:584,2
DA:594,2
DA:615,2
DA:621,2
DA:627,2
DA:637,3
DA:638,3
DA:639,3
DA:640,2
DA:641,2
DA:643,1
DA:647,2
DA:650,0
DA:651,0
DA:652,0
DA:654,0
DA:657,2
DA:687,1
LF:184
LH:151
BRDA:19,0,0,7
BRDA:19,0,1,0
BRDA:174,1,0,0
BRDA:174,1,1,0
BRDA:177,2,0,0
BRDA:177,2,1,0
BRDA:190,3,0,0
BRDA:190,3,1,0
BRDA:211,4,0,0
BRDA:211,4,1,0
BRDA:211,5,0,0
BRDA:211,5,1,0
BRDA:228,6,0,4
BRDA:228,6,1,3
BRDA:233,7,0,4
BRDA:233,7,1,6
BRDA:238,8,0,0
BRDA:238,8,1,1
BRDA:242,9,0,0
BRDA:246,10,0,0
BRDA:246,10,1,0
BRDA:251,11,0,1
BRDA:251,11,1,1
BRDA:252,12,0,1
BRDA:252,12,1,1
BRDA:253,13,0,1
BRDA:253,13,1,1
BRDA:278,14,0,1
BRDA:278,14,1,1
BRDA:284,15,0,1
BRDA:284,15,1,1
BRDA:299,16,0,2
BRDA:299,16,1,1
BRDA:299,17,0,3
BRDA:299,17,1,1
BRDA:299,17,2,1
BRDA:299,17,3,1
BRDA:300,18,0,1
BRDA:300,18,1,0
BRDA:301,19,0,0
BRDA:301,19,1,1
BRDA:301,20,0,1
BRDA:301,20,1,1
BRDA:308,21,0,1
BRDA:308,21,1,89
BRDA:308,22,0,90
BRDA:308,22,1,7
BRDA:311,23,0,0
BRDA:311,23,1,89
BRDA:311,24,0,89
BRDA:311,24,1,6
BRDA:314,25,0,6
BRDA:314,25,1,83
BRDA:317,26,0,1
BRDA:317,26,1,82
BRDA:317,27,0,83
BRDA:317,27,1,15
BRDA:320,28,0,0
BRDA:320,28,1,82
BRDA:320,29,0,82
BRDA:320,29,1,14
BRDA:323,30,0,14
BRDA:323,30,1,68
BRDA:326,31,0,0
BRDA:326,31,1,68
BRDA:329,32,0,2
BRDA:329,32,1,66
BRDA:332,33,0,39
BRDA:332,33,1,27
BRDA:332,34,0,66
BRDA:332,34,1,32
BRDA:332,34,2,30
BRDA:335,35,0,0
BRDA:335,35,1,27
BRDA:335,36,0,27
BRDA:335,36,1,3
BRDA:335,36,2,0
BRDA:338,37,0,3
BRDA:338,37,1,24
BRDA:341,38,0,0
BRDA:341,38,1,24
BRDA:344,39,0,1
BRDA:344,39,1,23
BRDA:366,40,0,12
BRDA:366,40,1,11
BRDA:367,41,0,4
BRDA:367,41,1,8
BRDA:370,42,0,1
BRDA:370,42,1,7
BRDA:373,43,0,4
BRDA:373,43,1,3
BRDA:376,44,0,0
BRDA:376,44,1,3
BRDA:377,45,0,2
BRDA:377,45,1,1
BRDA:390,46,0,10
BRDA:390,46,1,1
BRDA:402,47,0,7
BRDA:402,47,1,26
BRDA:405,48,0,4
BRDA:405,48,1,22
BRDA:408,49,0,0
BRDA:408,49,1,22
BRDA:411,50,0,1
BRDA:411,50,1,21
BRDA:414,51,0,7
BRDA:414,51,1,14
BRDA:414,52,0,21
BRDA:414,52,1,14
BRDA:417,53,0,2
BRDA:417,53,1,12
BRDA:417,54,0,14
BRDA:417,54,1,14
BRDA:420,55,0,0
BRDA:420,55,1,12
BRDA:423,56,0,0
BRDA:423,56,1,12
BRDA:426,57,0,1
BRDA:426,57,1,11
BRDA:431,58,0,4
BRDA:431,58,1,7
BRDA:432,59,0,1
BRDA:432,59,1,3
BRDA:435,60,0,2
BRDA:435,60,1,1
BRDA:438,61,0,0
BRDA:438,61,1,1
BRDA:445,62,0,6
BRDA:445,62,1,1
BRDA:450,63,0,10
BRDA:450,63,1,9
BRDA:467,64,0,3
BRDA:467,64,1,1
BRDA:638,65,0,3
BRDA:638,65,1,1
BRDA:641,66,0,2
BRDA:641,66,1,2
BRF:137
BRH:109
end_of_record
TN:
SF:deps/filecoin-verifier-tools/hamt/hamt.js
FN:5,nextBits
FN:12,indexForBitPos
FN:28,getBit
FN:32,getValue
FN:53,makeBuffers
FN:68,forEach
FN:81,bytesToBig
FN:92,parseNode
FN:101,(anonymous_8)
FN:106,(anonymous_9)
FN:110,(anonymous_10)
FN:113,(anonymous_11)
FN:120,readVarInt
FN:133,(anonymous_13)
FNF:14
FNH:14
FNDA:10,nextBits
FNDA:5,indexForBitPos
FNDA:4,getBit
FNDA:4,getValue
FNDA:85,makeBuffers
FNDA:3,forEach
FNDA:31,bytesToBig
FNDA:7,parseNode
FNDA:4,(anonymous_8)
FNDA:2,(anonymous_9)
FNDA:1,(anonymous_10)
FNDA:3,(anonymous_11)
FNDA:4,readVarInt
FNDA:4,(anonymous_13)
DA:1,2
DA:2,2
DA:7,10
DA:8,10
DA:9,10
DA:13,5
DA:14,5
DA:15,5
DA:16,61
DA:17,6
DA:19,61
DA:20,61
DA:22,5
DA:25,2
DA:26,2
DA:29,4
DA:33,4
DA:34,4
DA:35,1
DA:38,3
DA:40,3
DA:42,3
DA:43,3
DA:44,3
DA:47,0
DA:48,0
DA:50,0
DA:54,85
DA:55,12
DA:57,73
DA:58,13
DA:60,60
DA:61,17
DA:63,43
DA:66,2
DA:69,3
DA:70,5
DA:71,5
DA:72,5
DA:75,0
DA:76,0
DA:82,31
DA:83,31
DA:84,296
DA:85,296
DA:87,31
DA:90,2
DA:93,7
DA:99,2
DA:101,2
DA:102,4
DA:103,4
DA:106,2
DA:107,2
DA:110,2
DA:111,1
DA:112,1
DA:114,3
DA:117,1
DA:121,4
DA:122,4
DA:123,4
DA:124,5
DA:125,5
DA:126,4
DA:128,1
DA:130,0
DA:133,2
DA:134,4
LF:69
LH:63
BRDA:16,0,0,6
BRDA:16,0,1,55
BRDA:34,1,0,1
BRDA:34,1,1,3
BRDA:42,2,0,3
BRDA:42,2,1,0
BRDA:44,3,0,3
BRDA:44,3,1,0
BRDA:54,4,0,12
BRDA:54,4,1,73
BRDA:57,5,0,13
BRDA:57,5,1,60
BRDA:57,6,0,73
BRDA:57,6,1,19
BRDA:60,7,0,17
BRDA:60,7,1,43
BRDA:70,8,0,5
BRDA:70,8,1,0
BRDA:95,9,0,3
BRDA:95,9,1,4
BRDA:125,10,0,4
BRDA:125,10,1,1
BRDA:134,11,0,4
BRDA:134,11,1,2
BRF:24
BRH:21
end_of_record
TN:
SF:deps/filecoin-verifier-tools/utils/common-utils.js
FN:3,matchGroupLargeNotary
FN:13,matchGroup
FN:20,matchAll
FN:24,(anonymous_3)
FNF:4
FNH:4
FNDA:113,matchGroupLargeNotary
FNDA:18,matchGroup
FNDA:11,matchAll
FNDA:23,(anonymous_3)
DA:5,113
DA:6,68
DA:7,60
DA:9,8
DA:15,18
DA:16,12
DA:21,11
DA:22,11
DA:24,23
DA:28,3
DA:29,3
DA:30,3
LF:12
LH:12
BRDA:5,0,0,68
BRDA:5,0,1,45
BRDA:6,1,0,60
BRDA:6,1,1,8
BRDA:15,2,0,12
BRDA:15,2,1,6
BRDA:16,3,0,12
BRDA:16,3,1,0
BRDA:22,4,0,11
BRDA:22,4,1,0
BRF:10
BRH:8
end_of_record
TN:
SF:deps/filecoin-verifier-tools/utils/issue-parser.js
FN:5,parseIssue
FNF:1
FNH:1
FNDA:3,parseIssue
DA:3,1
DA:6,3
DA:7,3
DA:8,3
DA:9,3
DA:10,3
DA:11,3
DA:13,3
DA:14,3
DA:15,3
DA:16,3
DA:17,3
DA:18,3
DA:20,3
DA:21,1
DA:34,2
DA:35,2
DA:36,2
DA:37,2
DA:38,2
DA:40,2
DA:58,1
LF:22
LH:22
BRDA:20,0,0,1
BRDA:20,0,1,2
BRDA:20,1,0,3
BRDA:20,1,1,1
BRDA:20,1,2,1
BRDA:20,1,3,1
BRDA:35,2,0,2
BRDA:35,2,1,0
BRDA:36,3,0,2
BRDA:36,3,1,0
BRDA:37,4,0,2
BRDA:37,4,1,0
BRDA:38,5,0,2
BRDA:38,5,1,0
BRF:14
BRH:10
end_of_record
TN:
SF:deps/filecoin-verifier-tools/utils/large-issue-parser.js
FN:6,parseOtherInfoIssue
FN:37,parseIssue
FN:112,parseApproveComment
FN:150,parseMultipleApproveComment
FN:186,parseApprovedRequestWithSignerAddress
FN:230,ldnv3TriggerCommentParser
FN:267,parseMultisigNotaryRequest
FN:304,parseMultisigReconnectComment
FN:336,parseNotaryConfirmation
FN:355,parseReleaseRequest
FN:396,parseWeeklyDataCapAllocationUpdateRequest
FNF:11
FNH:10
FNDA:1,parseOtherInfoIssue
FNDA:9,parseIssue
FNDA:2,parseApproveComment
FNDA:2,parseMultipleApproveComment
FNDA:2,parseApprovedRequestWithSignerAddress
FNDA:0,ldnv3TriggerCommentParser
FNDA:1,parseMultisigNotaryRequest
FNDA:1,parseMultisigReconnectComment
FNDA:2,parseNotaryConfirmation
FNDA:1,parseReleaseRequest
FNDA:1,parseWeeklyDataCapAllocationUpdateRequest
DA:4,1
DA:7,1
DA:30,1
DA:31,1
DA:32,14
DA:34,1
DA:38,9
DA:39,9
DA:40,9
DA:41,9
DA:42,9
DA:43,9
DA:44,9
DA:45,9
DA:47,9
DA:48,9
DA:49,9
DA:50,9
DA:51,9
DA:52,9
DA:53,9
DA:55,9
DA:56,9
DA:58,9
DA:59,2
DA:75,7
DA:76,1
DA:77,1
DA:78,1
DA:93,6
DA:94,6
DA:95,6
DA:96,6
DA:97,6
DA:98,6
DA:99,6
DA:101,6
DA:113,2
DA:114,2
DA:115,2
DA:117,2
DA:119,2
DA:120,0
DA:125,2
DA:126,2
DA:128,2
DA:129,2
DA:137,0
DA:138,0
DA:139,0
DA:140,0
DA:151,2
DA:152,2
DA:153,2
DA:155,2
DA:157,2
DA:158,0
DA:163,2
DA:164,2
DA:166,2
DA:167,2
DA:175,0
DA:176,0
DA:177,0
DA:178,0
DA:187,2
DA:188,2
DA:189,2
DA:190,2
DA:191,2
DA:193,2
DA:195,2
DA:196,0
DA:201,2
DA:202,2
DA:203,2
DA:204,2
DA:206,2
DA:207,2
DA:217,0
DA:218,0
DA:219,0
DA:220,0
DA:221,0
DA:222,0
DA:231,0
DA:233,0
DA:234,0
DA:237,0
DA:238,0
DA:240,0
DA:242,0
DA:243,0
DA:248,0
DA:249,0
DA:256,0
DA:258,0
DA:259,0
DA:260,0
DA:268,1
DA:269,1
DA:270,1
DA:272,1
DA:274,1
DA:275,0
DA:280,1
DA:281,1
DA:283,1
DA:284,1
DA:292,0
DA:294,0
DA:295,0
DA:296,0
DA:305,1
DA:306,1
DA:307,1
DA:308,1
DA:310,1
DA:311,1
DA:312,1
DA:313,1
DA:315,1
DA:316,1
DA:324,0
DA:325,0
DA:326,0
DA:327,0
DA:328,0
DA:337,2
DA:338,2
DA:340,2
DA:341,2
DA:343,2
DA:344,1
DA:348,1
DA:356,1
DA:357,1
DA:358,1
DA:359,1
DA:361,1
DA:363,1
DA:364,0
DA:369,1
DA:370,1
DA:371,1
DA:373,1
DA:374,1
DA:384,0
DA:385,0
DA:386,0
DA:387,0
DA:388,0
DA:397,1
DA:398,1
DA:400,1
DA:401,1
DA:402,0
DA:407,1
DA:408,1
DA:409,1
DA:416,0
DA:417,0
DA:418,0
DA:426,1
DA:427,1
DA:428,1
DA:429,1
DA:430,1
DA:431,1
DA:432,1
DA:433,1
DA:434,1
DA:435,1
DA:436,1
LF:174
LH:123
BRDA:37,0,0,8
BRDA:58,1,0,2
BRDA:58,1,1,7
BRDA:58,2,0,9
BRDA:58,2,1,2
BRDA:58,2,2,2
BRDA:58,2,3,2
BRDA:58,2,4,2
BRDA:75,3,0,1
BRDA:75,3,1,6
BRDA:77,4,0,1
BRDA:77,4,1,0
BRDA:94,5,0,6
BRDA:94,5,1,0
BRDA:95,6,0,6
BRDA:95,6,1,0
BRDA:96,7,0,6
BRDA:96,7,1,0
BRDA:97,8,0,6
BRDA:97,8,1,0
BRDA:98,9,0,6
BRDA:98,9,1,0
BRDA:99,10,0,6
BRDA:99,10,1,0
BRDA:119,11,0,0
BRDA:119,11,1,2
BRDA:128,12,0,2
BRDA:128,12,1,0
BRDA:128,13,0,2
BRDA:128,13,1,2
BRDA:138,14,0,0
BRDA:138,14,1,0
BRDA:139,15,0,0
BRDA:139,15,1,0
BRDA:157,16,0,0
BRDA:157,16,1,2
BRDA:166,17,0,2
BRDA:166,17,1,0
BRDA:166,18,0,2
BRDA:166,18,1,2
BRDA:176,19,0,0
BRDA:176,19,1,0
BRDA:177,20,0,0
BRDA:177,20,1,0
BRDA:195,21,0,0
BRDA:195,21,1,2
BRDA:206,22,0,2
BRDA:206,22,1,0
BRDA:206,23,0,2
BRDA:206,23,1,2
BRDA:206,23,2,2
BRDA:206,23,3,2
BRDA:218,24,0,0
BRDA:218,24,1,0
BRDA:219,25,0,0
BRDA:219,25,1,0
BRDA:220,26,0,0
BRDA:220,26,1,0
BRDA:221,27,0,0
BRDA:221,27,1,0
BRDA:242,28,0,0
BRDA:242,28,1,0
BRDA:248,29,0,0
BRDA:248,29,1,0
BRDA:248,30,0,0
BRDA:248,30,1,0
BRDA:258,31,0,0
BRDA:258,31,1,0
BRDA:259,32,0,0
BRDA:259,32,1,0
BRDA:274,33,0,0
BRDA:274,33,1,1
BRDA:283,34,0,1
BRDA:283,34,1,0
BRDA:283,35,0,1
BRDA:283,35,1,1
BRDA:294,36,0,0
BRDA:294,36,1,0
BRDA:295,37,0,0
BRDA:295,37,1,0
BRDA:315,38,0,1
BRDA:315,38,1,0
BRDA:315,39,0,1
BRDA:315,39,1,1
BRDA:315,39,2,1
BRDA:325,40,0,0
BRDA:325,40,1,0
BRDA:326,41,0,0
BRDA:326,41,1,0
BRDA:327,42,0,0
BRDA:327,42,1,0
BRDA:343,43,0,1
BRDA:343,43,1,1
BRDA:363,44,0,0
BRDA:363,44,1,1
BRDA:373,45,0,1
BRDA:373,45,1,0
BRDA:373,46,0,1
BRDA:373,46,1,1
BRDA:373,46,2,1
BRDA:385,47,0,0
BRDA:385,47,1,0
BRDA:386,48,0,0
BRDA:386,48,1,0
BRDA:387,49,0,0
BRDA:387,49,1,0
BRDA:401,50,0,0
BRDA:401,50,1,1
BRDA:408,51,0,1
BRDA:408,51,1,0
BRDA:417,52,0,0
BRDA:417,52,1,0
BRF:112
BRH:48
end_of_record
TN:
SF:deps/filecoin-verifier-tools/utils/notary-issue-parser.js
FN:6,parseNotaryAddress
FN:23,parseIssue
FN:110,parseApproveComment
FN:156,parseMultipleApproveComment
FN:192,parseNotaryLedgerVerifiedComment
FNF:5
FNH:5
FNDA:1,parseNotaryAddress
FNDA:3,parseIssue
FNDA:1,parseApproveComment
FNDA:1,parseMultipleApproveComment
FNDA:1,parseNotaryLedgerVerifiedComment
DA:4,1
DA:7,1
DA:13,1
DA:14,3
DA:16,3
DA:17,1
DA:20,0
DA:24,3
DA:26,3
DA:27,3
DA:28,3
DA:29,3
DA:30,3
DA:31,3
DA:33,3
DA:35,3
DA:37,3
DA:38,3
DA:39,3
DA:40,3
DA:41,3
DA:42,3
DA:44,3
DA:46,1
DA:61,2
DA:62,1
DA:63,1
DA:64,1
DA:79,1
DA:80,1
DA:81,1
DA:82,1
DA:84,1
DA:85,1
DA:87,1
DA:111,1
DA:112,1
DA:113,1
DA:115,1
DA:117,1
DA:118,0
DA:123,1
DA:124,1
DA:126,1
DA:127,1
DA:135,0
DA:136,0
DA:137,0
DA:138,0
DA:157,1
DA:158,1
DA:159,1
DA:161,1
DA:163,1
DA:164,0
DA:169,1
DA:170,1
DA:172,1
DA:173,1
DA:181,0
DA:182,0
DA:183,0
DA:184,0
DA:193,1
DA:196,1
DA:200,1
DA:201,1
DA:207,0
DA:208,0
DA:210,0
DA:217,1
DA:218,1
DA:219,1
DA:220,1
DA:221,1
LF:75
LH:61
BRDA:16,0,0,1
BRDA:16,0,1,2
BRDA:23,1,0,2
BRDA:44,2,0,1
BRDA:44,2,1,2
BRDA:44,3,0,3
BRDA:44,3,1,1
BRDA:44,3,2,0
BRDA:44,3,3,0
BRDA:44,3,4,1
BRDA:44,3,5,1
BRDA:44,3,6,1
BRDA:51,4,0,1
BRDA:51,4,1,0
BRDA:51,4,2,0
BRDA:61,5,0,1
BRDA:61,5,1,1
BRDA:63,6,0,1
BRDA:63,6,1,0
BRDA:80,7,0,1
BRDA:80,7,1,0
BRDA:81,8,0,1
BRDA:81,8,1,0
BRDA:81,9,0,1
BRDA:81,9,1,1
BRDA:82,10,0,1
BRDA:82,10,1,0
BRDA:84,11,0,1
BRDA:84,11,1,0
BRDA:85,12,0,1
BRDA:85,12,1,0
BRDA:117,13,0,0
BRDA:117,13,1,1
BRDA:126,14,0,1
BRDA:126,14,1,0
BRDA:126,15,0,1
BRDA:126,15,1,1
BRDA:136,16,0,0
BRDA:136,16,1,0
BRDA:137,17,0,0
BRDA:137,17,1,0
BRDA:163,18,0,0
BRDA:163,18,1,1
BRDA:172,19,0,1
BRDA:172,19,1,0
BRDA:172,20,0,1
BRDA:172,20,1,1
BRDA:182,21,0,0
BRDA:182,21,1,0
BRDA:183,22,0,0
BRDA:183,22,1,0
BRDA:200,23,0,1
BRDA:200,23,1,0
BRDA:208,24,0,0
BRDA:208,24,1,0
BRF:55
BRH:30
end_of_record
